{"/home/andreviana/.Personal/projects/technical-test-tbb/src/App.tsx": {"path":"/home/andreviana/.Personal/projects/technical-test-tbb/src/App.tsx","statementMap":{"0":{"start":{"line":5,"column":13},"end":{"line":5,"column":29}},"1":{"start":{"line":1,"column":18},"end":{"line":1,"column":null}},"2":{"start":{"line":3,"column":21},"end":{"line":3,"column":null}},"3":{"start":{"line":5,"column":29},"end":{"line":9,"column":null}},"4":{"start":{"line":6,"column":1},"end":{"line":7,"column":null}}},"fnMap":{"0":{"name":"(anonymous_0)","decl":{"start":{"line":5,"column":13},"end":{"line":5,"column":29}},"loc":{"start":{"line":5,"column":13},"end":{"line":5,"column":29}}},"1":{"name":"(anonymous_2)","decl":{"start":{"line":5,"column":29},"end":{"line":5,"column":35}},"loc":{"start":{"line":5,"column":35},"end":{"line":9,"column":null}}}},"branchMap":{},"s":{"0":1,"1":1,"2":1,"3":1,"4":2},"f":{"0":1,"1":2},"b":{}}
,"/home/andreviana/.Personal/projects/technical-test-tbb/src/common/hooks/useApp.tsx": {"path":"/home/andreviana/.Personal/projects/technical-test-tbb/src/common/hooks/useApp.tsx","statementMap":{"0":{"start":{"line":21,"column":13},"end":{"line":21,"column":24}},"1":{"start":{"line":122,"column":16},"end":{"line":122,"column":22}},"2":{"start":{"line":1,"column":94},"end":{"line":1,"column":null}},"3":{"start":{"line":5,"column":31},"end":{"line":5,"column":null}},"4":{"start":{"line":6,"column":25},"end":{"line":6,"column":null}},"5":{"start":{"line":19,"column":19},"end":{"line":19,"column":null}},"6":{"start":{"line":21,"column":68},"end":{"line":120,"column":null}},"7":{"start":{"line":22,"column":25},"end":{"line":24,"column":null}},"8":{"start":{"line":26,"column":43},"end":{"line":26,"column":null}},"9":{"start":{"line":27,"column":39},"end":{"line":27,"column":null}},"10":{"start":{"line":28,"column":35},"end":{"line":28,"column":null}},"11":{"start":{"line":29,"column":58},"end":{"line":29,"column":null}},"12":{"start":{"line":30,"column":53},"end":{"line":30,"column":null}},"13":{"start":{"line":32,"column":33},"end":{"line":43,"column":null}},"14":{"start":{"line":33,"column":21},"end":{"line":33,"column":23}},"15":{"start":{"line":35,"column":2},"end":{"line":39,"column":null}},"16":{"start":{"line":36,"column":3},"end":{"line":36,"column":null}},"17":{"start":{"line":36,"column":27},"end":{"line":36,"column":54}},"18":{"start":{"line":36,"column":57},"end":{"line":36,"column":null}},"19":{"start":{"line":38,"column":3},"end":{"line":38,"column":null}},"20":{"start":{"line":41,"column":2},"end":{"line":41,"column":null}},"21":{"start":{"line":42,"column":2},"end":{"line":42,"column":null}},"22":{"start":{"line":45,"column":29},"end":{"line":60,"column":null}},"23":{"start":{"line":46,"column":2},"end":{"line":49,"column":3}},"24":{"start":{"line":47,"column":3},"end":{"line":47,"column":null}},"25":{"start":{"line":48,"column":3},"end":{"line":48,"column":null}},"26":{"start":{"line":51,"column":27},"end":{"line":51,"column":29}},"27":{"start":{"line":53,"column":2},"end":{"line":57,"column":null}},"28":{"start":{"line":54,"column":3},"end":{"line":56,"column":4}},"29":{"start":{"line":55,"column":4},"end":{"line":55,"column":null}},"30":{"start":{"line":59,"column":2},"end":{"line":59,"column":null}},"31":{"start":{"line":62,"column":28},"end":{"line":72,"column":null}},"32":{"start":{"line":63,"column":2},"end":{"line":63,"column":null}},"33":{"start":{"line":64,"column":15},"end":{"line":64,"column":null}},"34":{"start":{"line":66,"column":2},"end":{"line":70,"column":null}},"35":{"start":{"line":67,"column":3},"end":{"line":69,"column":4}},"36":{"start":{"line":68,"column":4},"end":{"line":68,"column":null}},"37":{"start":{"line":71,"column":2},"end":{"line":71,"column":null}},"38":{"start":{"line":74,"column":33},"end":{"line":90,"column":null}},"39":{"start":{"line":75,"column":25},"end":{"line":75,"column":27}},"40":{"start":{"line":76,"column":2},"end":{"line":83,"column":3}},"41":{"start":{"line":76,"column":56},"end":{"line":76,"column":68}},"42":{"start":{"line":77,"column":3},"end":{"line":77,"column":null}},"43":{"start":{"line":77,"column":48},"end":{"line":77,"column":null}},"44":{"start":{"line":77,"column":79},"end":{"line":77,"column":90}},"45":{"start":{"line":78,"column":3},"end":{"line":78,"column":null}},"46":{"start":{"line":78,"column":38},"end":{"line":78,"column":null}},"47":{"start":{"line":78,"column":58},"end":{"line":78,"column":null}},"48":{"start":{"line":80,"column":3},"end":{"line":80,"column":null}},"49":{"start":{"line":80,"column":48},"end":{"line":80,"column":null}},"50":{"start":{"line":81,"column":3},"end":{"line":81,"column":null}},"51":{"start":{"line":81,"column":38},"end":{"line":81,"column":null}},"52":{"start":{"line":85,"column":2},"end":{"line":89,"column":3}},"53":{"start":{"line":86,"column":3},"end":{"line":86,"column":null}},"54":{"start":{"line":88,"column":3},"end":{"line":88,"column":null}},"55":{"start":{"line":92,"column":1},"end":{"line":104,"column":null}},"56":{"start":{"line":93,"column":18},"end":{"line":95,"column":null}},"57":{"start":{"line":94,"column":3},"end":{"line":94,"column":null}},"58":{"start":{"line":96,"column":2},"end":{"line":98,"column":3}},"59":{"start":{"line":97,"column":3},"end":{"line":97,"column":null}},"60":{"start":{"line":99,"column":2},"end":{"line":101,"column":3}},"61":{"start":{"line":100,"column":3},"end":{"line":100,"column":null}},"62":{"start":{"line":103,"column":2},"end":{"line":103,"column":null}},"63":{"start":{"line":103,"column":15},"end":{"line":103,"column":null}},"64":{"start":{"line":123,"column":17},"end":{"line":123,"column":null}},"65":{"start":{"line":124,"column":1},"end":{"line":124,"column":null}}},"fnMap":{"0":{"name":"(anonymous_1)","decl":{"start":{"line":21,"column":24},"end":{"line":21,"column":68}},"loc":{"start":{"line":21,"column":13},"end":{"line":21,"column":24}}},"1":{"name":"(anonymous_2)","decl":{"start":{"line":122,"column":22},"end":{"line":122,"column":42}},"loc":{"start":{"line":122,"column":16},"end":{"line":122,"column":22}}},"2":{"name":"(anonymous_6)","decl":{"start":{"line":21,"column":68},"end":{"line":21,"column":69}},"loc":{"start":{"line":21,"column":86},"end":{"line":120,"column":null}}},"3":{"name":"(anonymous_7)","decl":{"start":{"line":32,"column":45},"end":{"line":32,"column":46}},"loc":{"start":{"line":32,"column":75},"end":{"line":43,"column":4}}},"4":{"name":"(anonymous_8)","decl":{"start":{"line":35,"column":19},"end":{"line":35,"column":27}},"loc":{"start":{"line":35,"column":27},"end":{"line":39,"column":null}}},"5":{"name":"(anonymous_9)","decl":{"start":{"line":36,"column":22},"end":{"line":36,"column":27}},"loc":{"start":{"line":36,"column":27},"end":{"line":36,"column":54}}},"6":{"name":"(anonymous_10)","decl":{"start":{"line":45,"column":41},"end":{"line":45,"column":42}},"loc":{"start":{"line":45,"column":61},"end":{"line":60,"column":4}}},"7":{"name":"(anonymous_11)","decl":{"start":{"line":53,"column":21},"end":{"line":53,"column":29}},"loc":{"start":{"line":53,"column":29},"end":{"line":57,"column":null}}},"8":{"name":"(anonymous_12)","decl":{"start":{"line":62,"column":40},"end":{"line":62,"column":41}},"loc":{"start":{"line":62,"column":79},"end":{"line":72,"column":4}}},"9":{"name":"(anonymous_13)","decl":{"start":{"line":74,"column":45},"end":{"line":74,"column":46}},"loc":{"start":{"line":74,"column":92},"end":{"line":90,"column":4}}},"10":{"name":"(anonymous_14)","decl":{"start":{"line":76,"column":51},"end":{"line":76,"column":56}},"loc":{"start":{"line":76,"column":56},"end":{"line":76,"column":68}}},"11":{"name":"(anonymous_15)","decl":{"start":{"line":77,"column":40},"end":{"line":77,"column":48}},"loc":{"start":{"line":77,"column":48},"end":{"line":77,"column":null}}},"12":{"name":"(anonymous_16)","decl":{"start":{"line":77,"column":74},"end":{"line":77,"column":79}},"loc":{"start":{"line":77,"column":79},"end":{"line":77,"column":90}}},"13":{"name":"(anonymous_17)","decl":{"start":{"line":78,"column":27},"end":{"line":78,"column":38}},"loc":{"start":{"line":78,"column":38},"end":{"line":78,"column":null}}},"14":{"name":"(anonymous_18)","decl":{"start":{"line":78,"column":53},"end":{"line":78,"column":58}},"loc":{"start":{"line":78,"column":58},"end":{"line":78,"column":null}}},"15":{"name":"(anonymous_19)","decl":{"start":{"line":80,"column":40},"end":{"line":80,"column":48}},"loc":{"start":{"line":80,"column":48},"end":{"line":80,"column":null}}},"16":{"name":"(anonymous_20)","decl":{"start":{"line":81,"column":27},"end":{"line":81,"column":38}},"loc":{"start":{"line":81,"column":38},"end":{"line":81,"column":null}}},"17":{"name":"(anonymous_21)","decl":{"start":{"line":92,"column":11},"end":{"line":92,"column":17}},"loc":{"start":{"line":92,"column":17},"end":{"line":104,"column":4}}},"18":{"name":"(anonymous_22)","decl":{"start":{"line":93,"column":29},"end":{"line":93,"column":35}},"loc":{"start":{"line":93,"column":35},"end":{"line":95,"column":5}}},"19":{"name":"(anonymous_23)","decl":{"start":{"line":103,"column":9},"end":{"line":103,"column":15}},"loc":{"start":{"line":103,"column":15},"end":{"line":103,"column":null}}},"20":{"name":"useApp","decl":{"start":{"line":122,"column":16},"end":{"line":122,"column":22}},"loc":{"start":{"line":122,"column":42},"end":{"line":125,"column":null}}}},"branchMap":{"0":{"loc":{"start":{"line":36,"column":3},"end":{"line":36,"column":null}},"type":"if","locations":[{"start":{"line":36,"column":3},"end":{"line":36,"column":null}}]},"1":{"loc":{"start":{"line":46,"column":2},"end":{"line":49,"column":3}},"type":"if","locations":[{"start":{"line":46,"column":2},"end":{"line":49,"column":3}}]},"2":{"loc":{"start":{"line":54,"column":3},"end":{"line":56,"column":4}},"type":"if","locations":[{"start":{"line":54,"column":3},"end":{"line":56,"column":4}}]},"3":{"loc":{"start":{"line":67,"column":3},"end":{"line":69,"column":4}},"type":"if","locations":[{"start":{"line":67,"column":3},"end":{"line":69,"column":4}}]},"4":{"loc":{"start":{"line":76,"column":2},"end":{"line":83,"column":3}},"type":"if","locations":[{"start":{"line":76,"column":2},"end":{"line":83,"column":3}},{"start":{"line":79,"column":9},"end":{"line":83,"column":3}}]},"5":{"loc":{"start":{"line":76,"column":5},"end":{"line":76,"column":68}},"type":"binary-expr","locations":[{"start":{"line":76,"column":5},"end":{"line":76,"column":27}},{"start":{"line":76,"column":27},"end":{"line":76,"column":68}}]},"6":{"loc":{"start":{"line":85,"column":2},"end":{"line":89,"column":3}},"type":"if","locations":[{"start":{"line":85,"column":2},"end":{"line":89,"column":3}},{"start":{"line":87,"column":9},"end":{"line":89,"column":3}}]},"7":{"loc":{"start":{"line":96,"column":2},"end":{"line":98,"column":3}},"type":"if","locations":[{"start":{"line":96,"column":2},"end":{"line":98,"column":3}}]},"8":{"loc":{"start":{"line":96,"column":5},"end":{"line":96,"column":21}},"type":"binary-expr","locations":[{"start":{"line":96,"column":5},"end":{"line":96,"column":15}},{"start":{"line":96,"column":15},"end":{"line":96,"column":21}}]},"9":{"loc":{"start":{"line":99,"column":2},"end":{"line":101,"column":3}},"type":"if","locations":[{"start":{"line":99,"column":2},"end":{"line":101,"column":3}}]}},"s":{"0":2,"1":6,"2":1,"3":1,"4":1,"5":1,"6":1,"7":2,"8":2,"9":2,"10":2,"11":2,"12":2,"13":2,"14":0,"15":0,"16":0,"17":0,"18":0,"19":0,"20":0,"21":0,"22":2,"23":0,"24":0,"25":0,"26":0,"27":0,"28":0,"29":0,"30":0,"31":2,"32":0,"33":0,"34":0,"35":0,"36":0,"37":0,"38":2,"39":0,"40":0,"41":0,"42":0,"43":0,"44":0,"45":0,"46":0,"47":0,"48":0,"49":0,"50":0,"51":0,"52":0,"53":0,"54":0,"55":2,"56":2,"57":0,"58":2,"59":0,"60":2,"61":0,"62":2,"63":2,"64":6,"65":6},"f":{"0":2,"1":6,"2":2,"3":0,"4":0,"5":0,"6":0,"7":0,"8":0,"9":0,"10":0,"11":0,"12":0,"13":0,"14":0,"15":0,"16":0,"17":2,"18":0,"19":2,"20":6},"b":{"0":[0],"1":[0],"2":[0],"3":[0],"4":[0,0],"5":[0,0],"6":[0,0],"7":[0],"8":[2,2],"9":[0]}}
,"/home/andreviana/.Personal/projects/technical-test-tbb/src/common/hooks/useFetch.tsx": {"path":"/home/andreviana/.Personal/projects/technical-test-tbb/src/common/hooks/useFetch.tsx","statementMap":{"0":{"start":{"line":4,"column":16},"end":{"line":4,"column":41}},"1":{"start":{"line":1,"column":19},"end":{"line":1,"column":null}},"2":{"start":{"line":2,"column":16},"end":{"line":2,"column":null}},"3":{"start":{"line":5,"column":13},"end":{"line":5,"column":49}},"4":{"start":{"line":7,"column":25},"end":{"line":14,"column":null}},"5":{"start":{"line":8,"column":19},"end":{"line":8,"column":null}},"6":{"start":{"line":9,"column":2},"end":{"line":9,"column":null}},"7":{"start":{"line":16,"column":1},"end":{"line":16,"column":null}}},"fnMap":{"0":{"name":"(anonymous_0)","decl":{"start":{"line":4,"column":16},"end":{"line":4,"column":41}},"loc":{"start":{"line":4,"column":16},"end":{"line":4,"column":41}}},"1":{"name":"(anonymous_3)","decl":{"start":{"line":7,"column":55},"end":{"line":7,"column":67}},"loc":{"start":{"line":7,"column":67},"end":{"line":10,"column":4}}}},"branchMap":{},"s":{"0":2,"1":1,"2":1,"3":2,"4":2,"5":1,"6":0,"7":2},"f":{"0":4,"1":1},"b":{}}
,"/home/andreviana/.Personal/projects/technical-test-tbb/src/common/styles/container.tsx": {"path":"/home/andreviana/.Personal/projects/technical-test-tbb/src/common/styles/container.tsx","statementMap":{"0":{"start":{"line":3,"column":13},"end":{"line":3,"column":25}},"1":{"start":{"line":1,"column":19},"end":{"line":1,"column":null}},"2":{"start":{"line":3,"column":25},"end":{"line":26,"column":1}},"3":{"start":{"line":6,"column":28},"end":{"line":6,"column":53}},"4":{"start":{"line":9,"column":34},"end":{"line":9,"column":53}},"5":{"start":{"line":10,"column":39},"end":{"line":10,"column":64}},"6":{"start":{"line":13,"column":36},"end":{"line":13,"column":55}},"7":{"start":{"line":15,"column":39},"end":{"line":15,"column":63}},"8":{"start":{"line":18,"column":36},"end":{"line":18,"column":53}},"9":{"start":{"line":20,"column":39},"end":{"line":20,"column":63}},"10":{"start":{"line":24,"column":36},"end":{"line":24,"column":53}}},"fnMap":{"0":{"name":"(anonymous_0)","decl":{"start":{"line":3,"column":13},"end":{"line":3,"column":25}},"loc":{"start":{"line":3,"column":13},"end":{"line":3,"column":25}}},"1":{"name":"(anonymous_2)","decl":{"start":{"line":6,"column":13},"end":{"line":6,"column":14}},"loc":{"start":{"line":6,"column":28},"end":{"line":6,"column":53}}},"2":{"name":"(anonymous_3)","decl":{"start":{"line":9,"column":19},"end":{"line":9,"column":20}},"loc":{"start":{"line":9,"column":34},"end":{"line":9,"column":53}}},"3":{"name":"(anonymous_4)","decl":{"start":{"line":10,"column":24},"end":{"line":10,"column":25}},"loc":{"start":{"line":10,"column":39},"end":{"line":10,"column":64}}},"4":{"name":"(anonymous_5)","decl":{"start":{"line":13,"column":21},"end":{"line":13,"column":22}},"loc":{"start":{"line":13,"column":36},"end":{"line":13,"column":55}}},"5":{"name":"(anonymous_6)","decl":{"start":{"line":15,"column":24},"end":{"line":15,"column":25}},"loc":{"start":{"line":15,"column":39},"end":{"line":15,"column":63}}},"6":{"name":"(anonymous_7)","decl":{"start":{"line":18,"column":21},"end":{"line":18,"column":22}},"loc":{"start":{"line":18,"column":36},"end":{"line":18,"column":53}}},"7":{"name":"(anonymous_8)","decl":{"start":{"line":20,"column":24},"end":{"line":20,"column":25}},"loc":{"start":{"line":20,"column":39},"end":{"line":20,"column":63}}},"8":{"name":"(anonymous_9)","decl":{"start":{"line":24,"column":21},"end":{"line":24,"column":22}},"loc":{"start":{"line":24,"column":36},"end":{"line":24,"column":53}}}},"branchMap":{},"s":{"0":4,"1":1,"2":1,"3":4,"4":4,"5":4,"6":4,"7":4,"8":4,"9":4,"10":4},"f":{"0":4,"1":4,"2":4,"3":4,"4":4,"5":4,"6":4,"7":4,"8":4},"b":{}}
,"/home/andreviana/.Personal/projects/technical-test-tbb/src/common/styles/globalStyles.tsx": {"path":"/home/andreviana/.Personal/projects/technical-test-tbb/src/common/styles/globalStyles.tsx","statementMap":{"0":{"start":{"line":3,"column":13},"end":{"line":3,"column":28}},"1":{"start":{"line":1,"column":34},"end":{"line":1,"column":null}},"2":{"start":{"line":3,"column":28},"end":{"line":63,"column":1}},"3":{"start":{"line":10,"column":37},"end":{"line":10,"column":55}},"4":{"start":{"line":17,"column":38},"end":{"line":17,"column":64}},"5":{"start":{"line":25,"column":43},"end":{"line":25,"column":61}},"6":{"start":{"line":49,"column":32},"end":{"line":49,"column":54}}},"fnMap":{"0":{"name":"(anonymous_0)","decl":{"start":{"line":3,"column":13},"end":{"line":3,"column":28}},"loc":{"start":{"line":3,"column":13},"end":{"line":3,"column":28}}},"1":{"name":"(anonymous_1)","decl":{"start":{"line":10,"column":22},"end":{"line":10,"column":23}},"loc":{"start":{"line":10,"column":37},"end":{"line":10,"column":55}}},"2":{"name":"(anonymous_2)","decl":{"start":{"line":17,"column":23},"end":{"line":17,"column":24}},"loc":{"start":{"line":17,"column":38},"end":{"line":17,"column":64}}},"3":{"name":"(anonymous_3)","decl":{"start":{"line":25,"column":28},"end":{"line":25,"column":29}},"loc":{"start":{"line":25,"column":43},"end":{"line":25,"column":61}}},"4":{"name":"(anonymous_4)","decl":{"start":{"line":49,"column":17},"end":{"line":49,"column":18}},"loc":{"start":{"line":49,"column":32},"end":{"line":49,"column":54}}}},"branchMap":{},"s":{"0":4,"1":2,"2":2,"3":0,"4":0,"5":0,"6":0},"f":{"0":4,"1":0,"2":0,"3":0,"4":0},"b":{}}
,"/home/andreviana/.Personal/projects/technical-test-tbb/src/common/styles/theme.tsx": {"path":"/home/andreviana/.Personal/projects/technical-test-tbb/src/common/styles/theme.tsx","statementMap":{"0":{"start":{"line":1,"column":13},"end":{"line":1,"column":21}},"1":{"start":{"line":1,"column":21},"end":{"line":60,"column":null}},"2":{"start":{"line":3,"column":2},"end":{"line":3,"column":null}}},"fnMap":{"0":{"name":"(anonymous_0)","decl":{"start":{"line":1,"column":13},"end":{"line":1,"column":21}},"loc":{"start":{"line":1,"column":13},"end":{"line":1,"column":21}}},"1":{"name":"(anonymous_1)","decl":{"start":{"line":2,"column":1},"end":{"line":2,"column":9}},"loc":{"start":{"line":2,"column":23},"end":{"line":4,"column":null}}}},"branchMap":{},"s":{"0":10,"1":2,"2":134},"f":{"0":10,"1":134},"b":{}}
,"/home/andreviana/.Personal/projects/technical-test-tbb/src/common/styles/pages/Home.tsx": {"path":"/home/andreviana/.Personal/projects/technical-test-tbb/src/common/styles/pages/Home.tsx","statementMap":{"0":{"start":{"line":3,"column":13},"end":{"line":3,"column":29}},"1":{"start":{"line":1,"column":19},"end":{"line":1,"column":null}},"2":{"start":{"line":3,"column":29},"end":{"line":31,"column":1}},"3":{"start":{"line":6,"column":26},"end":{"line":6,"column":43}},"4":{"start":{"line":7,"column":33},"end":{"line":7,"column":50}},"5":{"start":{"line":8,"column":50},"end":{"line":8,"column":67}},"6":{"start":{"line":11,"column":39},"end":{"line":11,"column":63}},"7":{"start":{"line":13,"column":37},"end":{"line":13,"column":54}},"8":{"start":{"line":17,"column":50},"end":{"line":17,"column":75}},"9":{"start":{"line":18,"column":41},"end":{"line":18,"column":58}},"10":{"start":{"line":20,"column":40},"end":{"line":20,"column":61}},"11":{"start":{"line":22,"column":42},"end":{"line":22,"column":68}},"12":{"start":{"line":24,"column":35},"end":{"line":24,"column":57}},"13":{"start":{"line":25,"column":47},"end":{"line":25,"column":71}},"14":{"start":{"line":26,"column":44},"end":{"line":26,"column":65}}},"fnMap":{"0":{"name":"(anonymous_0)","decl":{"start":{"line":3,"column":13},"end":{"line":3,"column":29}},"loc":{"start":{"line":3,"column":13},"end":{"line":3,"column":29}}},"1":{"name":"(anonymous_2)","decl":{"start":{"line":6,"column":11},"end":{"line":6,"column":12}},"loc":{"start":{"line":6,"column":26},"end":{"line":6,"column":43}}},"2":{"name":"(anonymous_3)","decl":{"start":{"line":7,"column":18},"end":{"line":7,"column":19}},"loc":{"start":{"line":7,"column":33},"end":{"line":7,"column":50}}},"3":{"name":"(anonymous_4)","decl":{"start":{"line":8,"column":35},"end":{"line":8,"column":36}},"loc":{"start":{"line":8,"column":50},"end":{"line":8,"column":67}}},"4":{"name":"(anonymous_5)","decl":{"start":{"line":11,"column":24},"end":{"line":11,"column":25}},"loc":{"start":{"line":11,"column":39},"end":{"line":11,"column":63}}},"5":{"name":"(anonymous_6)","decl":{"start":{"line":13,"column":22},"end":{"line":13,"column":23}},"loc":{"start":{"line":13,"column":37},"end":{"line":13,"column":54}}},"6":{"name":"(anonymous_7)","decl":{"start":{"line":17,"column":35},"end":{"line":17,"column":36}},"loc":{"start":{"line":17,"column":50},"end":{"line":17,"column":75}}},"7":{"name":"(anonymous_8)","decl":{"start":{"line":18,"column":26},"end":{"line":18,"column":27}},"loc":{"start":{"line":18,"column":41},"end":{"line":18,"column":58}}},"8":{"name":"(anonymous_9)","decl":{"start":{"line":20,"column":25},"end":{"line":20,"column":26}},"loc":{"start":{"line":20,"column":40},"end":{"line":20,"column":61}}},"9":{"name":"(anonymous_10)","decl":{"start":{"line":22,"column":27},"end":{"line":22,"column":28}},"loc":{"start":{"line":22,"column":42},"end":{"line":22,"column":68}}},"10":{"name":"(anonymous_11)","decl":{"start":{"line":24,"column":20},"end":{"line":24,"column":21}},"loc":{"start":{"line":24,"column":35},"end":{"line":24,"column":57}}},"11":{"name":"(anonymous_12)","decl":{"start":{"line":25,"column":32},"end":{"line":25,"column":33}},"loc":{"start":{"line":25,"column":47},"end":{"line":25,"column":71}}},"12":{"name":"(anonymous_13)","decl":{"start":{"line":26,"column":29},"end":{"line":26,"column":30}},"loc":{"start":{"line":26,"column":44},"end":{"line":26,"column":65}}}},"branchMap":{},"s":{"0":2,"1":1,"2":1,"3":2,"4":2,"5":2,"6":2,"7":2,"8":2,"9":2,"10":2,"11":2,"12":2,"13":2,"14":2},"f":{"0":2,"1":2,"2":2,"3":2,"4":2,"5":2,"6":2,"7":2,"8":2,"9":2,"10":2,"11":2,"12":2},"b":{}}
,"/home/andreviana/.Personal/projects/technical-test-tbb/src/common/test/renderWithTest.tsx": {"path":"/home/andreviana/.Personal/projects/technical-test-tbb/src/common/test/renderWithTest.tsx","statementMap":{"0":{"start":{"line":8,"column":16},"end":{"line":8,"column":32}},"1":{"start":{"line":1,"column":18},"end":{"line":1,"column":null}},"2":{"start":{"line":2,"column":30},"end":{"line":2,"column":null}},"3":{"start":{"line":4,"column":23},"end":{"line":4,"column":null}},"4":{"start":{"line":6,"column":29},"end":{"line":6,"column":null}}},"fnMap":{"0":{"name":"(anonymous_0)","decl":{"start":{"line":8,"column":16},"end":{"line":8,"column":32}},"loc":{"start":{"line":8,"column":16},"end":{"line":8,"column":32}}}},"branchMap":{},"s":{"0":4,"1":2,"2":2,"3":2,"4":2},"f":{"0":8},"b":{}}
,"/home/andreviana/.Personal/projects/technical-test-tbb/src/components/Empty/Empty.tsx": {"path":"/home/andreviana/.Personal/projects/technical-test-tbb/src/components/Empty/Empty.tsx","statementMap":{"0":{"start":{"line":6,"column":13},"end":{"line":6,"column":43}},"1":{"start":{"line":1,"column":18},"end":{"line":1,"column":null}},"2":{"start":{"line":3,"column":31},"end":{"line":3,"column":null}},"3":{"start":{"line":6,"column":43},"end":{"line":12,"column":null}}},"fnMap":{"0":{"name":"(anonymous_0)","decl":{"start":{"line":6,"column":13},"end":{"line":6,"column":43}},"loc":{"start":{"line":6,"column":13},"end":{"line":6,"column":43}}},"1":{"name":"(anonymous_2)","decl":{"start":{"line":6,"column":43},"end":{"line":6,"column":44}},"loc":{"start":{"line":6,"column":57},"end":{"line":12,"column":null}}}},"branchMap":{},"s":{"0":0,"1":1,"2":1,"3":1},"f":{"0":0,"1":0},"b":{}}
,"/home/andreviana/.Personal/projects/technical-test-tbb/src/components/Empty/index.tsx": {"path":"/home/andreviana/.Personal/projects/technical-test-tbb/src/components/Empty/index.tsx","statementMap":{"0":{"start":{"line":1,"column":9},"end":{"line":1,"column":14}},"1":{"start":{"line":1,"column":22},"end":{"line":1,"column":null}}},"fnMap":{"0":{"name":"(anonymous_0)","decl":{"start":{"line":1,"column":9},"end":{"line":1,"column":14}},"loc":{"start":{"line":1,"column":9},"end":{"line":1,"column":14}}}},"branchMap":{},"s":{"0":0,"1":1},"f":{"0":0},"b":{}}
,"/home/andreviana/.Personal/projects/technical-test-tbb/src/components/Empty/styles.tsx": {"path":"/home/andreviana/.Personal/projects/technical-test-tbb/src/components/Empty/styles.tsx","statementMap":{"0":{"start":{"line":3,"column":13},"end":{"line":3,"column":30}},"1":{"start":{"line":1,"column":19},"end":{"line":1,"column":null}},"2":{"start":{"line":3,"column":30},"end":{"line":18,"column":1}},"3":{"start":{"line":11,"column":36},"end":{"line":11,"column":57}},"4":{"start":{"line":13,"column":38},"end":{"line":13,"column":64}},"5":{"start":{"line":15,"column":32},"end":{"line":15,"column":54}}},"fnMap":{"0":{"name":"(anonymous_0)","decl":{"start":{"line":3,"column":13},"end":{"line":3,"column":30}},"loc":{"start":{"line":3,"column":13},"end":{"line":3,"column":30}}},"1":{"name":"(anonymous_2)","decl":{"start":{"line":11,"column":21},"end":{"line":11,"column":22}},"loc":{"start":{"line":11,"column":36},"end":{"line":11,"column":57}}},"2":{"name":"(anonymous_3)","decl":{"start":{"line":13,"column":23},"end":{"line":13,"column":24}},"loc":{"start":{"line":13,"column":38},"end":{"line":13,"column":64}}},"3":{"name":"(anonymous_4)","decl":{"start":{"line":15,"column":17},"end":{"line":15,"column":18}},"loc":{"start":{"line":15,"column":32},"end":{"line":15,"column":54}}}},"branchMap":{},"s":{"0":0,"1":1,"2":1,"3":0,"4":0,"5":0},"f":{"0":0,"1":0,"2":0,"3":0},"b":{}}
,"/home/andreviana/.Personal/projects/technical-test-tbb/src/components/Form/index.tsx": {"path":"/home/andreviana/.Personal/projects/technical-test-tbb/src/components/Form/index.tsx","statementMap":{"0":{"start":{"line":1,"column":9},"end":{"line":1,"column":17}},"1":{"start":{"line":1,"column":25},"end":{"line":1,"column":null}}},"fnMap":{"0":{"name":"(anonymous_0)","decl":{"start":{"line":1,"column":9},"end":{"line":1,"column":17}},"loc":{"start":{"line":1,"column":9},"end":{"line":1,"column":17}}}},"branchMap":{},"s":{"0":0,"1":1},"f":{"0":0},"b":{}}
,"/home/andreviana/.Personal/projects/technical-test-tbb/src/components/Form/Checkbox/Checkbox.tsx": {"path":"/home/andreviana/.Personal/projects/technical-test-tbb/src/components/Form/Checkbox/Checkbox.tsx","statementMap":{"0":{"start":{"line":6,"column":13},"end":{"line":6,"column":49}},"1":{"start":{"line":1,"column":18},"end":{"line":1,"column":null}},"2":{"start":{"line":4,"column":58},"end":{"line":4,"column":null}},"3":{"start":{"line":6,"column":49},"end":{"line":13,"column":null}}},"fnMap":{"0":{"name":"(anonymous_0)","decl":{"start":{"line":6,"column":13},"end":{"line":6,"column":49}},"loc":{"start":{"line":6,"column":13},"end":{"line":6,"column":49}}},"1":{"name":"(anonymous_2)","decl":{"start":{"line":6,"column":49},"end":{"line":6,"column":50}},"loc":{"start":{"line":6,"column":90},"end":{"line":13,"column":null}}}},"branchMap":{},"s":{"0":1,"1":2,"2":2,"3":2},"f":{"0":1,"1":6},"b":{}}
,"/home/andreviana/.Personal/projects/technical-test-tbb/src/components/Form/Checkbox/index.tsx": {"path":"/home/andreviana/.Personal/projects/technical-test-tbb/src/components/Form/Checkbox/index.tsx","statementMap":{"0":{"start":{"line":1,"column":9},"end":{"line":1,"column":17}},"1":{"start":{"line":1,"column":25},"end":{"line":1,"column":null}}},"fnMap":{"0":{"name":"(anonymous_0)","decl":{"start":{"line":1,"column":9},"end":{"line":1,"column":17}},"loc":{"start":{"line":1,"column":9},"end":{"line":1,"column":17}}}},"branchMap":{},"s":{"0":0,"1":1},"f":{"0":0},"b":{}}
,"/home/andreviana/.Personal/projects/technical-test-tbb/src/components/Form/Checkbox/styles.tsx": {"path":"/home/andreviana/.Personal/projects/technical-test-tbb/src/components/Form/Checkbox/styles.tsx","statementMap":{"0":{"start":{"line":3,"column":13},"end":{"line":3,"column":30}},"1":{"start":{"line":18,"column":13},"end":{"line":18,"column":35}},"2":{"start":{"line":1,"column":19},"end":{"line":1,"column":null}},"3":{"start":{"line":3,"column":33},"end":{"line":16,"column":1}},"4":{"start":{"line":6,"column":26},"end":{"line":6,"column":45}},"5":{"start":{"line":9,"column":36},"end":{"line":9,"column":57}},"6":{"start":{"line":10,"column":38},"end":{"line":10,"column":64}},"7":{"start":{"line":13,"column":32},"end":{"line":13,"column":54}},"8":{"start":{"line":18,"column":38},"end":{"line":62,"column":1}},"9":{"start":{"line":19,"column":28},"end":{"line":19,"column":48}},"10":{"start":{"line":20,"column":29},"end":{"line":20,"column":49}},"11":{"start":{"line":26,"column":39},"end":{"line":26,"column":64}},"12":{"start":{"line":32,"column":43},"end":{"line":32,"column":68}},"13":{"start":{"line":44,"column":47},"end":{"line":44,"column":65}},"14":{"start":{"line":57,"column":47},"end":{"line":57,"column":65}}},"fnMap":{"0":{"name":"(anonymous_1)","decl":{"start":{"line":3,"column":30},"end":{"line":3,"column":33}},"loc":{"start":{"line":3,"column":13},"end":{"line":3,"column":30}}},"1":{"name":"(anonymous_2)","decl":{"start":{"line":18,"column":35},"end":{"line":18,"column":38}},"loc":{"start":{"line":18,"column":13},"end":{"line":18,"column":35}}},"2":{"name":"(anonymous_4)","decl":{"start":{"line":6,"column":11},"end":{"line":6,"column":12}},"loc":{"start":{"line":6,"column":26},"end":{"line":6,"column":45}}},"3":{"name":"(anonymous_5)","decl":{"start":{"line":9,"column":21},"end":{"line":9,"column":22}},"loc":{"start":{"line":9,"column":36},"end":{"line":9,"column":57}}},"4":{"name":"(anonymous_6)","decl":{"start":{"line":10,"column":23},"end":{"line":10,"column":24}},"loc":{"start":{"line":10,"column":38},"end":{"line":10,"column":64}}},"5":{"name":"(anonymous_7)","decl":{"start":{"line":13,"column":17},"end":{"line":13,"column":18}},"loc":{"start":{"line":13,"column":32},"end":{"line":13,"column":54}}},"6":{"name":"(anonymous_8)","decl":{"start":{"line":19,"column":13},"end":{"line":19,"column":14}},"loc":{"start":{"line":19,"column":28},"end":{"line":19,"column":48}}},"7":{"name":"(anonymous_9)","decl":{"start":{"line":20,"column":14},"end":{"line":20,"column":15}},"loc":{"start":{"line":20,"column":29},"end":{"line":20,"column":49}}},"8":{"name":"(anonymous_10)","decl":{"start":{"line":26,"column":24},"end":{"line":26,"column":25}},"loc":{"start":{"line":26,"column":39},"end":{"line":26,"column":64}}},"9":{"name":"(anonymous_11)","decl":{"start":{"line":32,"column":28},"end":{"line":32,"column":29}},"loc":{"start":{"line":32,"column":43},"end":{"line":32,"column":68}}},"10":{"name":"(anonymous_12)","decl":{"start":{"line":44,"column":32},"end":{"line":44,"column":33}},"loc":{"start":{"line":44,"column":47},"end":{"line":44,"column":65}}},"11":{"name":"(anonymous_13)","decl":{"start":{"line":57,"column":32},"end":{"line":57,"column":33}},"loc":{"start":{"line":57,"column":47},"end":{"line":57,"column":65}}}},"branchMap":{},"s":{"0":6,"1":6,"2":2,"3":2,"4":6,"5":6,"6":6,"7":6,"8":2,"9":6,"10":6,"11":6,"12":6,"13":6,"14":6},"f":{"0":6,"1":6,"2":6,"3":6,"4":6,"5":6,"6":6,"7":6,"8":6,"9":6,"10":6,"11":6},"b":{}}
,"/home/andreviana/.Personal/projects/technical-test-tbb/src/components/Form/Input/Input.tsx": {"path":"/home/andreviana/.Personal/projects/technical-test-tbb/src/components/Form/Input/Input.tsx","statementMap":{"0":{"start":{"line":6,"column":13},"end":{"line":6,"column":43}},"1":{"start":{"line":1,"column":32},"end":{"line":1,"column":null}},"2":{"start":{"line":3,"column":31},"end":{"line":3,"column":null}},"3":{"start":{"line":6,"column":43},"end":{"line":19,"column":null}},"4":{"start":{"line":7,"column":33},"end":{"line":7,"column":null}},"5":{"start":{"line":12,"column":71},"end":{"line":12,"column":89}},"6":{"start":{"line":12,"column":103},"end":{"line":12,"column":123}}},"fnMap":{"0":{"name":"(anonymous_0)","decl":{"start":{"line":6,"column":13},"end":{"line":6,"column":43}},"loc":{"start":{"line":6,"column":13},"end":{"line":6,"column":43}}},"1":{"name":"(anonymous_4)","decl":{"start":{"line":6,"column":43},"end":{"line":6,"column":44}},"loc":{"start":{"line":6,"column":96},"end":{"line":19,"column":null}}},"2":{"name":"(anonymous_5)","decl":{"start":{"line":12,"column":65},"end":{"line":12,"column":71}},"loc":{"start":{"line":12,"column":71},"end":{"line":12,"column":89}}},"3":{"name":"(anonymous_6)","decl":{"start":{"line":12,"column":97},"end":{"line":12,"column":103}},"loc":{"start":{"line":12,"column":103},"end":{"line":12,"column":123}}}},"branchMap":{"0":{"loc":{"start":{"line":10,"column":32},"end":{"line":10,"column":54}},"type":"cond-expr","locations":[{"start":{"line":10,"column":42},"end":{"line":10,"column":52}},{"start":{"line":10,"column":52},"end":{"line":10,"column":54}}]},"1":{"loc":{"start":{"line":11,"column":4},"end":{"line":11,"column":50}},"type":"binary-expr","locations":[{"start":{"line":11,"column":4},"end":{"line":11,"column":12}},{"start":{"line":11,"column":12},"end":{"line":11,"column":41}},{"start":{"line":11,"column":41},"end":{"line":11,"column":50}}]},"2":{"loc":{"start":{"line":13,"column":4},"end":{"line":13,"column":null}},"type":"binary-expr","locations":[{"start":{"line":13,"column":4},"end":{"line":13,"column":null}}]},"3":{"loc":{"start":{"line":16,"column":4},"end":{"line":16,"column":51}},"type":"binary-expr","locations":[{"start":{"line":16,"column":4},"end":{"line":16,"column":12}},{"start":{"line":16,"column":12},"end":{"line":16,"column":42}},{"start":{"line":16,"column":42},"end":{"line":16,"column":51}}]}},"s":{"0":2,"1":1,"2":1,"3":1,"4":2,"5":0,"6":0},"f":{"0":2,"1":2,"2":0,"3":0},"b":{"0":[0,2],"1":[2,2,0],"2":[2],"3":[2,2,2]}}
,"/home/andreviana/.Personal/projects/technical-test-tbb/src/components/Form/Input/index.tsx": {"path":"/home/andreviana/.Personal/projects/technical-test-tbb/src/components/Form/Input/index.tsx","statementMap":{"0":{"start":{"line":1,"column":9},"end":{"line":1,"column":14}},"1":{"start":{"line":1,"column":22},"end":{"line":1,"column":null}}},"fnMap":{"0":{"name":"(anonymous_0)","decl":{"start":{"line":1,"column":9},"end":{"line":1,"column":14}},"loc":{"start":{"line":1,"column":9},"end":{"line":1,"column":14}}}},"branchMap":{},"s":{"0":2,"1":1},"f":{"0":2},"b":{}}
,"/home/andreviana/.Personal/projects/technical-test-tbb/src/components/Form/Input/styles.tsx": {"path":"/home/andreviana/.Personal/projects/technical-test-tbb/src/components/Form/Input/styles.tsx","statementMap":{"0":{"start":{"line":3,"column":13},"end":{"line":3,"column":30}},"1":{"start":{"line":1,"column":19},"end":{"line":1,"column":null}},"2":{"start":{"line":3,"column":30},"end":{"line":52,"column":1}},"3":{"start":{"line":7,"column":46},"end":{"line":7,"column":71}},"4":{"start":{"line":12,"column":36},"end":{"line":12,"column":57}},"5":{"start":{"line":13,"column":38},"end":{"line":13,"column":64}},"6":{"start":{"line":16,"column":32},"end":{"line":16,"column":57}},"7":{"start":{"line":25,"column":35},"end":{"line":25,"column":60}},"8":{"start":{"line":38,"column":43},"end":{"line":38,"column":68}},"9":{"start":{"line":44,"column":39},"end":{"line":44,"column":64}}},"fnMap":{"0":{"name":"(anonymous_0)","decl":{"start":{"line":3,"column":13},"end":{"line":3,"column":30}},"loc":{"start":{"line":3,"column":13},"end":{"line":3,"column":30}}},"1":{"name":"(anonymous_2)","decl":{"start":{"line":7,"column":31},"end":{"line":7,"column":32}},"loc":{"start":{"line":7,"column":46},"end":{"line":7,"column":71}}},"2":{"name":"(anonymous_3)","decl":{"start":{"line":12,"column":21},"end":{"line":12,"column":22}},"loc":{"start":{"line":12,"column":36},"end":{"line":12,"column":57}}},"3":{"name":"(anonymous_4)","decl":{"start":{"line":13,"column":23},"end":{"line":13,"column":24}},"loc":{"start":{"line":13,"column":38},"end":{"line":13,"column":64}}},"4":{"name":"(anonymous_5)","decl":{"start":{"line":16,"column":17},"end":{"line":16,"column":18}},"loc":{"start":{"line":16,"column":32},"end":{"line":16,"column":57}}},"5":{"name":"(anonymous_6)","decl":{"start":{"line":25,"column":20},"end":{"line":25,"column":21}},"loc":{"start":{"line":25,"column":35},"end":{"line":25,"column":60}}},"6":{"name":"(anonymous_7)","decl":{"start":{"line":38,"column":28},"end":{"line":38,"column":29}},"loc":{"start":{"line":38,"column":43},"end":{"line":38,"column":68}}},"7":{"name":"(anonymous_8)","decl":{"start":{"line":44,"column":24},"end":{"line":44,"column":25}},"loc":{"start":{"line":44,"column":39},"end":{"line":44,"column":64}}}},"branchMap":{},"s":{"0":2,"1":1,"2":1,"3":2,"4":2,"5":2,"6":2,"7":2,"8":2,"9":2},"f":{"0":2,"1":2,"2":2,"3":2,"4":2,"5":2,"6":2,"7":2},"b":{}}
,"/home/andreviana/.Personal/projects/technical-test-tbb/src/components/Header/Header.tsx": {"path":"/home/andreviana/.Personal/projects/technical-test-tbb/src/components/Header/Header.tsx","statementMap":{"0":{"start":{"line":10,"column":13},"end":{"line":10,"column":32}},"1":{"start":{"line":1,"column":18},"end":{"line":1,"column":null}},"2":{"start":{"line":3,"column":53},"end":{"line":3,"column":null}},"3":{"start":{"line":4,"column":26},"end":{"line":4,"column":null}},"4":{"start":{"line":5,"column":22},"end":{"line":5,"column":null}},"5":{"start":{"line":6,"column":23},"end":{"line":6,"column":null}},"6":{"start":{"line":7,"column":22},"end":{"line":7,"column":null}},"7":{"start":{"line":8,"column":23},"end":{"line":8,"column":null}},"8":{"start":{"line":10,"column":32},"end":{"line":33,"column":null}},"9":{"start":{"line":11,"column":45},"end":{"line":11,"column":null}},"10":{"start":{"line":27,"column":27},"end":{"line":27,"column":null}}},"fnMap":{"0":{"name":"(anonymous_0)","decl":{"start":{"line":10,"column":13},"end":{"line":10,"column":32}},"loc":{"start":{"line":10,"column":13},"end":{"line":10,"column":32}}},"1":{"name":"(anonymous_2)","decl":{"start":{"line":10,"column":32},"end":{"line":10,"column":38}},"loc":{"start":{"line":10,"column":38},"end":{"line":33,"column":null}}},"2":{"name":"(anonymous_3)","decl":{"start":{"line":27,"column":16},"end":{"line":27,"column":17}},"loc":{"start":{"line":27,"column":27},"end":{"line":27,"column":null}}}},"branchMap":{},"s":{"0":2,"1":1,"2":1,"3":1,"4":1,"5":1,"6":1,"7":1,"8":1,"9":2,"10":0},"f":{"0":2,"1":2,"2":0},"b":{}}
,"/home/andreviana/.Personal/projects/technical-test-tbb/src/components/Header/index.tsx": {"path":"/home/andreviana/.Personal/projects/technical-test-tbb/src/components/Header/index.tsx","statementMap":{"0":{"start":{"line":1,"column":9},"end":{"line":1,"column":15}},"1":{"start":{"line":1,"column":23},"end":{"line":1,"column":null}}},"fnMap":{"0":{"name":"(anonymous_0)","decl":{"start":{"line":1,"column":9},"end":{"line":1,"column":15}},"loc":{"start":{"line":1,"column":9},"end":{"line":1,"column":15}}}},"branchMap":{},"s":{"0":2,"1":1},"f":{"0":2},"b":{}}
,"/home/andreviana/.Personal/projects/technical-test-tbb/src/components/Header/styles.tsx": {"path":"/home/andreviana/.Personal/projects/technical-test-tbb/src/components/Header/styles.tsx","statementMap":{"0":{"start":{"line":3,"column":13},"end":{"line":3,"column":28}},"1":{"start":{"line":32,"column":13},"end":{"line":32,"column":32}},"2":{"start":{"line":1,"column":19},"end":{"line":1,"column":null}},"3":{"start":{"line":3,"column":31},"end":{"line":30,"column":1}},"4":{"start":{"line":5,"column":38},"end":{"line":5,"column":55}},"5":{"start":{"line":6,"column":41},"end":{"line":6,"column":58}},"6":{"start":{"line":9,"column":30},"end":{"line":9,"column":47}},"7":{"start":{"line":10,"column":43},"end":{"line":10,"column":67}},"8":{"start":{"line":11,"column":42},"end":{"line":11,"column":59}},"9":{"start":{"line":12,"column":45},"end":{"line":12,"column":62}},"10":{"start":{"line":15,"column":40},"end":{"line":15,"column":61}},"11":{"start":{"line":16,"column":42},"end":{"line":16,"column":68}},"12":{"start":{"line":20,"column":36},"end":{"line":20,"column":61}},"13":{"start":{"line":23,"column":40},"end":{"line":23,"column":62}},"14":{"start":{"line":25,"column":47},"end":{"line":25,"column":71}},"15":{"start":{"line":26,"column":44},"end":{"line":26,"column":65}},"16":{"start":{"line":32,"column":35},"end":{"line":38,"column":1}},"17":{"start":{"line":35,"column":39},"end":{"line":35,"column":63}}},"fnMap":{"0":{"name":"(anonymous_1)","decl":{"start":{"line":3,"column":28},"end":{"line":3,"column":31}},"loc":{"start":{"line":3,"column":13},"end":{"line":3,"column":28}}},"1":{"name":"(anonymous_2)","decl":{"start":{"line":32,"column":32},"end":{"line":32,"column":35}},"loc":{"start":{"line":32,"column":13},"end":{"line":32,"column":32}}},"2":{"name":"(anonymous_4)","decl":{"start":{"line":5,"column":23},"end":{"line":5,"column":24}},"loc":{"start":{"line":5,"column":38},"end":{"line":5,"column":55}}},"3":{"name":"(anonymous_5)","decl":{"start":{"line":6,"column":26},"end":{"line":6,"column":27}},"loc":{"start":{"line":6,"column":41},"end":{"line":6,"column":58}}},"4":{"name":"(anonymous_6)","decl":{"start":{"line":9,"column":15},"end":{"line":9,"column":16}},"loc":{"start":{"line":9,"column":30},"end":{"line":9,"column":47}}},"5":{"name":"(anonymous_7)","decl":{"start":{"line":10,"column":28},"end":{"line":10,"column":29}},"loc":{"start":{"line":10,"column":43},"end":{"line":10,"column":67}}},"6":{"name":"(anonymous_8)","decl":{"start":{"line":11,"column":27},"end":{"line":11,"column":28}},"loc":{"start":{"line":11,"column":42},"end":{"line":11,"column":59}}},"7":{"name":"(anonymous_9)","decl":{"start":{"line":12,"column":30},"end":{"line":12,"column":31}},"loc":{"start":{"line":12,"column":45},"end":{"line":12,"column":62}}},"8":{"name":"(anonymous_10)","decl":{"start":{"line":15,"column":25},"end":{"line":15,"column":26}},"loc":{"start":{"line":15,"column":40},"end":{"line":15,"column":61}}},"9":{"name":"(anonymous_11)","decl":{"start":{"line":16,"column":27},"end":{"line":16,"column":28}},"loc":{"start":{"line":16,"column":42},"end":{"line":16,"column":68}}},"10":{"name":"(anonymous_12)","decl":{"start":{"line":20,"column":21},"end":{"line":20,"column":22}},"loc":{"start":{"line":20,"column":36},"end":{"line":20,"column":61}}},"11":{"name":"(anonymous_13)","decl":{"start":{"line":23,"column":25},"end":{"line":23,"column":26}},"loc":{"start":{"line":23,"column":40},"end":{"line":23,"column":62}}},"12":{"name":"(anonymous_14)","decl":{"start":{"line":25,"column":32},"end":{"line":25,"column":33}},"loc":{"start":{"line":25,"column":47},"end":{"line":25,"column":71}}},"13":{"name":"(anonymous_15)","decl":{"start":{"line":26,"column":29},"end":{"line":26,"column":30}},"loc":{"start":{"line":26,"column":44},"end":{"line":26,"column":65}}},"14":{"name":"(anonymous_16)","decl":{"start":{"line":35,"column":24},"end":{"line":35,"column":25}},"loc":{"start":{"line":35,"column":39},"end":{"line":35,"column":63}}}},"branchMap":{},"s":{"0":2,"1":2,"2":1,"3":1,"4":2,"5":2,"6":2,"7":2,"8":2,"9":2,"10":2,"11":2,"12":2,"13":2,"14":2,"15":2,"16":1,"17":2},"f":{"0":2,"1":2,"2":2,"3":2,"4":2,"5":2,"6":2,"7":2,"8":2,"9":2,"10":2,"11":2,"12":2,"13":2,"14":2},"b":{}}
,"/home/andreviana/.Personal/projects/technical-test-tbb/src/components/IconButton/IconButton.tsx": {"path":"/home/andreviana/.Personal/projects/technical-test-tbb/src/components/IconButton/IconButton.tsx","statementMap":{"0":{"start":{"line":6,"column":13},"end":{"line":6,"column":53}},"1":{"start":{"line":1,"column":18},"end":{"line":1,"column":null}},"2":{"start":{"line":4,"column":36},"end":{"line":4,"column":null}},"3":{"start":{"line":6,"column":53},"end":{"line":12,"column":null}}},"fnMap":{"0":{"name":"(anonymous_0)","decl":{"start":{"line":6,"column":13},"end":{"line":6,"column":53}},"loc":{"start":{"line":6,"column":13},"end":{"line":6,"column":53}}},"1":{"name":"(anonymous_2)","decl":{"start":{"line":6,"column":53},"end":{"line":6,"column":54}},"loc":{"start":{"line":6,"column":80},"end":{"line":12,"column":null}}}},"branchMap":{},"s":{"0":2,"1":1,"2":1,"3":1},"f":{"0":2,"1":2},"b":{}}
,"/home/andreviana/.Personal/projects/technical-test-tbb/src/components/IconButton/index.tsx": {"path":"/home/andreviana/.Personal/projects/technical-test-tbb/src/components/IconButton/index.tsx","statementMap":{"0":{"start":{"line":1,"column":9},"end":{"line":1,"column":19}},"1":{"start":{"line":1,"column":27},"end":{"line":1,"column":null}}},"fnMap":{"0":{"name":"(anonymous_0)","decl":{"start":{"line":1,"column":9},"end":{"line":1,"column":19}},"loc":{"start":{"line":1,"column":9},"end":{"line":1,"column":19}}}},"branchMap":{},"s":{"0":2,"1":1},"f":{"0":2},"b":{}}
,"/home/andreviana/.Personal/projects/technical-test-tbb/src/components/IconButton/styles.tsx": {"path":"/home/andreviana/.Personal/projects/technical-test-tbb/src/components/IconButton/styles.tsx","statementMap":{"0":{"start":{"line":3,"column":13},"end":{"line":3,"column":35}},"1":{"start":{"line":1,"column":19},"end":{"line":1,"column":null}},"2":{"start":{"line":3,"column":35},"end":{"line":15,"column":1}},"3":{"start":{"line":13,"column":43},"end":{"line":13,"column":64}}},"fnMap":{"0":{"name":"(anonymous_0)","decl":{"start":{"line":3,"column":13},"end":{"line":3,"column":35}},"loc":{"start":{"line":3,"column":13},"end":{"line":3,"column":35}}},"1":{"name":"(anonymous_2)","decl":{"start":{"line":13,"column":28},"end":{"line":13,"column":29}},"loc":{"start":{"line":13,"column":43},"end":{"line":13,"column":64}}}},"branchMap":{},"s":{"0":2,"1":1,"2":1,"3":2},"f":{"0":2,"1":2},"b":{}}
,"/home/andreviana/.Personal/projects/technical-test-tbb/src/components/Icons/Close.tsx": {"path":"/home/andreviana/.Personal/projects/technical-test-tbb/src/components/Icons/Close.tsx","statementMap":{"0":{"start":{"line":5,"column":13},"end":{"line":5,"column":43}},"1":{"start":{"line":1,"column":18},"end":{"line":1,"column":null}},"2":{"start":{"line":5,"column":43},"end":{"line":11,"column":null}}},"fnMap":{"0":{"name":"(anonymous_0)","decl":{"start":{"line":5,"column":13},"end":{"line":5,"column":43}},"loc":{"start":{"line":5,"column":13},"end":{"line":5,"column":43}}},"1":{"name":"(anonymous_2)","decl":{"start":{"line":5,"column":43},"end":{"line":5,"column":44}},"loc":{"start":{"line":5,"column":73},"end":{"line":11,"column":null}}}},"branchMap":{},"s":{"0":2,"1":1,"2":1},"f":{"0":2,"1":2},"b":{}}
,"/home/andreviana/.Personal/projects/technical-test-tbb/src/components/Icons/Filter.tsx": {"path":"/home/andreviana/.Personal/projects/technical-test-tbb/src/components/Icons/Filter.tsx","statementMap":{"0":{"start":{"line":5,"column":13},"end":{"line":5,"column":44}},"1":{"start":{"line":1,"column":18},"end":{"line":1,"column":null}},"2":{"start":{"line":5,"column":44},"end":{"line":11,"column":null}}},"fnMap":{"0":{"name":"(anonymous_0)","decl":{"start":{"line":5,"column":13},"end":{"line":5,"column":44}},"loc":{"start":{"line":5,"column":13},"end":{"line":5,"column":44}}},"1":{"name":"(anonymous_2)","decl":{"start":{"line":5,"column":44},"end":{"line":5,"column":45}},"loc":{"start":{"line":5,"column":74},"end":{"line":11,"column":null}}}},"branchMap":{},"s":{"0":2,"1":1,"2":1},"f":{"0":2,"1":2},"b":{}}
,"/home/andreviana/.Personal/projects/technical-test-tbb/src/components/Icons/Search.tsx": {"path":"/home/andreviana/.Personal/projects/technical-test-tbb/src/components/Icons/Search.tsx","statementMap":{"0":{"start":{"line":5,"column":13},"end":{"line":5,"column":44}},"1":{"start":{"line":1,"column":18},"end":{"line":1,"column":null}},"2":{"start":{"line":5,"column":44},"end":{"line":11,"column":null}}},"fnMap":{"0":{"name":"(anonymous_0)","decl":{"start":{"line":5,"column":13},"end":{"line":5,"column":44}},"loc":{"start":{"line":5,"column":13},"end":{"line":5,"column":44}}},"1":{"name":"(anonymous_2)","decl":{"start":{"line":5,"column":44},"end":{"line":5,"column":45}},"loc":{"start":{"line":5,"column":74},"end":{"line":11,"column":null}}}},"branchMap":{},"s":{"0":2,"1":1,"2":1},"f":{"0":2,"1":2},"b":{}}
,"/home/andreviana/.Personal/projects/technical-test-tbb/src/components/Icons/index.tsx": {"path":"/home/andreviana/.Personal/projects/technical-test-tbb/src/components/Icons/index.tsx","statementMap":{"0":{"start":{"line":1,"column":9},"end":{"line":1,"column":15}},"1":{"start":{"line":2,"column":9},"end":{"line":2,"column":15}},"2":{"start":{"line":3,"column":9},"end":{"line":3,"column":14}},"3":{"start":{"line":1,"column":23},"end":{"line":1,"column":null}},"4":{"start":{"line":2,"column":23},"end":{"line":2,"column":null}},"5":{"start":{"line":3,"column":22},"end":{"line":3,"column":null}}},"fnMap":{"0":{"name":"(anonymous_1)","decl":{"start":{"line":1,"column":15},"end":{"line":1,"column":23}},"loc":{"start":{"line":1,"column":9},"end":{"line":1,"column":15}}},"1":{"name":"(anonymous_2)","decl":{"start":{"line":2,"column":15},"end":{"line":2,"column":23}},"loc":{"start":{"line":2,"column":9},"end":{"line":2,"column":15}}},"2":{"name":"(anonymous_3)","decl":{"start":{"line":3,"column":14},"end":{"line":3,"column":22}},"loc":{"start":{"line":3,"column":9},"end":{"line":3,"column":14}}}},"branchMap":{},"s":{"0":2,"1":2,"2":2,"3":1,"4":1,"5":1},"f":{"0":2,"1":2,"2":2},"b":{}}
,"/home/andreviana/.Personal/projects/technical-test-tbb/src/layout/Home/index.tsx": {"path":"/home/andreviana/.Personal/projects/technical-test-tbb/src/layout/Home/index.tsx","statementMap":{"0":{"start":{"line":6,"column":13},"end":{"line":6,"column":67}},"1":{"start":{"line":1,"column":18},"end":{"line":1,"column":null}},"2":{"start":{"line":3,"column":28},"end":{"line":3,"column":null}},"3":{"start":{"line":4,"column":23},"end":{"line":4,"column":null}},"4":{"start":{"line":6,"column":67},"end":{"line":13,"column":null}}},"fnMap":{"0":{"name":"(anonymous_0)","decl":{"start":{"line":6,"column":13},"end":{"line":6,"column":67}},"loc":{"start":{"line":6,"column":13},"end":{"line":6,"column":67}}},"1":{"name":"(anonymous_2)","decl":{"start":{"line":6,"column":67},"end":{"line":6,"column":68}},"loc":{"start":{"line":6,"column":85},"end":{"line":13,"column":null}}}},"branchMap":{},"s":{"0":2,"1":1,"2":1,"3":1,"4":1},"f":{"0":2,"1":2},"b":{}}
,"/home/andreviana/.Personal/projects/technical-test-tbb/src/pages/Home/index.tsx": {"path":"/home/andreviana/.Personal/projects/technical-test-tbb/src/pages/Home/index.tsx","statementMap":{"0":{"start":{"line":9,"column":13},"end":{"line":9,"column":30}},"1":{"start":{"line":1,"column":18},"end":{"line":1,"column":null}},"2":{"start":{"line":3,"column":27},"end":{"line":3,"column":null}},"3":{"start":{"line":4,"column":23},"end":{"line":4,"column":null}},"4":{"start":{"line":5,"column":26},"end":{"line":5,"column":null}},"5":{"start":{"line":6,"column":25},"end":{"line":6,"column":null}},"6":{"start":{"line":7,"column":30},"end":{"line":7,"column":null}},"7":{"start":{"line":9,"column":30},"end":{"line":20,"column":null}}},"fnMap":{"0":{"name":"(anonymous_0)","decl":{"start":{"line":9,"column":13},"end":{"line":9,"column":30}},"loc":{"start":{"line":9,"column":13},"end":{"line":9,"column":30}}},"1":{"name":"(anonymous_2)","decl":{"start":{"line":9,"column":30},"end":{"line":9,"column":36}},"loc":{"start":{"line":9,"column":36},"end":{"line":20,"column":null}}}},"branchMap":{},"s":{"0":2,"1":1,"2":1,"3":1,"4":1,"5":1,"6":1,"7":1},"f":{"0":2,"1":2},"b":{}}
,"/home/andreviana/.Personal/projects/technical-test-tbb/src/pages/Home/components/Filter/Filter.tsx": {"path":"/home/andreviana/.Personal/projects/technical-test-tbb/src/pages/Home/components/Filter/Filter.tsx","statementMap":{"0":{"start":{"line":12,"column":13},"end":{"line":12,"column":32}},"1":{"start":{"line":1,"column":43},"end":{"line":1,"column":null}},"2":{"start":{"line":2,"column":30},"end":{"line":2,"column":null}},"3":{"start":{"line":4,"column":32},"end":{"line":4,"column":null}},"4":{"start":{"line":5,"column":23},"end":{"line":5,"column":null}},"5":{"start":{"line":6,"column":25},"end":{"line":6,"column":null}},"6":{"start":{"line":7,"column":34},"end":{"line":7,"column":null}},"7":{"start":{"line":8,"column":44},"end":{"line":8,"column":null}},"8":{"start":{"line":9,"column":22},"end":{"line":9,"column":null}},"9":{"start":{"line":10,"column":27},"end":{"line":10,"column":null}},"10":{"start":{"line":12,"column":32},"end":{"line":70,"column":null}},"11":{"start":{"line":13,"column":81},"end":{"line":13,"column":null}},"12":{"start":{"line":14,"column":43},"end":{"line":14,"column":null}},"13":{"start":{"line":16,"column":1},"end":{"line":20,"column":null}},"14":{"start":{"line":17,"column":2},"end":{"line":19,"column":3}},"15":{"start":{"line":18,"column":3},"end":{"line":18,"column":null}},"16":{"start":{"line":26,"column":60},"end":{"line":26,"column":null}},"17":{"start":{"line":34,"column":4},"end":{"line":36,"column":5}},"18":{"start":{"line":35,"column":5},"end":{"line":35,"column":null}},"19":{"start":{"line":41,"column":48},"end":{"line":41,"column":null}},"20":{"start":{"line":51,"column":9},"end":{"line":51,"column":null}},"21":{"start":{"line":56,"column":7},"end":{"line":56,"column":null}},"22":{"start":{"line":58,"column":9},"end":{"line":58,"column":null}},"23":{"start":{"line":64,"column":43},"end":{"line":64,"column":67}}},"fnMap":{"0":{"name":"(anonymous_0)","decl":{"start":{"line":12,"column":13},"end":{"line":12,"column":32}},"loc":{"start":{"line":12,"column":13},"end":{"line":12,"column":32}}},"1":{"name":"(anonymous_4)","decl":{"start":{"line":12,"column":32},"end":{"line":12,"column":38}},"loc":{"start":{"line":12,"column":38},"end":{"line":70,"column":null}}},"2":{"name":"(anonymous_5)","decl":{"start":{"line":16,"column":11},"end":{"line":16,"column":17}},"loc":{"start":{"line":16,"column":17},"end":{"line":20,"column":4}}},"3":{"name":"(anonymous_6)","decl":{"start":{"line":26,"column":54},"end":{"line":26,"column":60}},"loc":{"start":{"line":26,"column":60},"end":{"line":26,"column":null}}},"4":{"name":"(anonymous_7)","decl":{"start":{"line":33,"column":74},"end":{"line":33,"column":75}},"loc":{"start":{"line":33,"column":85},"end":{"line":37,"column":null}}},"5":{"name":"(anonymous_8)","decl":{"start":{"line":41,"column":42},"end":{"line":41,"column":48}},"loc":{"start":{"line":41,"column":48},"end":{"line":41,"column":null}}},"6":{"name":"(anonymous_9)","decl":{"start":{"line":50,"column":35},"end":{"line":50,"column":null}},"loc":{"start":{"line":51,"column":9},"end":{"line":51,"column":null}}},"7":{"name":"(anonymous_10)","decl":{"start":{"line":55,"column":42},"end":{"line":55,"column":null}},"loc":{"start":{"line":56,"column":7},"end":{"line":56,"column":null}}},"8":{"name":"(anonymous_11)","decl":{"start":{"line":57,"column":93},"end":{"line":57,"column":94}},"loc":{"start":{"line":57,"column":104},"end":{"line":59,"column":null}}},"9":{"name":"(anonymous_12)","decl":{"start":{"line":64,"column":37},"end":{"line":64,"column":43}},"loc":{"start":{"line":64,"column":43},"end":{"line":64,"column":67}}}},"branchMap":{"0":{"loc":{"start":{"line":17,"column":2},"end":{"line":19,"column":3}},"type":"if","locations":[{"start":{"line":17,"column":2},"end":{"line":19,"column":3}}]},"1":{"loc":{"start":{"line":33,"column":33},"end":{"line":33,"column":61}},"type":"cond-expr","locations":[{"start":{"line":33,"column":48},"end":{"line":33,"column":59}},{"start":{"line":33,"column":59},"end":{"line":33,"column":61}}]},"2":{"loc":{"start":{"line":34,"column":4},"end":{"line":36,"column":5}},"type":"if","locations":[{"start":{"line":34,"column":4},"end":{"line":36,"column":5}}]},"3":{"loc":{"start":{"line":47,"column":23},"end":{"line":47,"column":55}},"type":"cond-expr","locations":[{"start":{"line":47,"column":41},"end":{"line":47,"column":53}},{"start":{"line":47,"column":53},"end":{"line":47,"column":55}}]},"4":{"loc":{"start":{"line":48,"column":7},"end":{"line":48,"column":null}},"type":"binary-expr","locations":[{"start":{"line":48,"column":7},"end":{"line":48,"column":null}}]},"5":{"loc":{"start":{"line":55,"column":7},"end":{"line":56,"column":null}},"type":"binary-expr","locations":[{"start":{"line":55,"column":7},"end":{"line":55,"column":27}},{"start":{"line":55,"column":27},"end":{"line":56,"column":null}}]}},"s":{"0":2,"1":1,"2":1,"3":1,"4":1,"5":1,"6":1,"7":1,"8":1,"9":1,"10":1,"11":2,"12":2,"13":2,"14":2,"15":0,"16":0,"17":0,"18":0,"19":0,"20":14,"21":0,"22":0,"23":0},"f":{"0":2,"1":2,"2":2,"3":0,"4":0,"5":0,"6":14,"7":0,"8":0,"9":0},"b":{"0":[0],"1":[0,2],"2":[0],"3":[2,0],"4":[2],"5":[2,0]}}
,"/home/andreviana/.Personal/projects/technical-test-tbb/src/pages/Home/components/Filter/index.tsx": {"path":"/home/andreviana/.Personal/projects/technical-test-tbb/src/pages/Home/components/Filter/index.tsx","statementMap":{"0":{"start":{"line":1,"column":9},"end":{"line":1,"column":15}},"1":{"start":{"line":1,"column":23},"end":{"line":1,"column":null}}},"fnMap":{"0":{"name":"(anonymous_0)","decl":{"start":{"line":1,"column":9},"end":{"line":1,"column":15}},"loc":{"start":{"line":1,"column":9},"end":{"line":1,"column":15}}}},"branchMap":{},"s":{"0":2,"1":1},"f":{"0":2},"b":{}}
,"/home/andreviana/.Personal/projects/technical-test-tbb/src/pages/Home/components/Filter/styles.tsx": {"path":"/home/andreviana/.Personal/projects/technical-test-tbb/src/pages/Home/components/Filter/styles.tsx","statementMap":{"0":{"start":{"line":3,"column":13},"end":{"line":3,"column":31}},"1":{"start":{"line":1,"column":19},"end":{"line":1,"column":null}},"2":{"start":{"line":3,"column":31},"end":{"line":142,"column":1}},"3":{"start":{"line":14,"column":39},"end":{"line":14,"column":63}},"4":{"start":{"line":32,"column":34},"end":{"line":32,"column":51}},"5":{"start":{"line":37,"column":34},"end":{"line":37,"column":51}},"6":{"start":{"line":50,"column":41},"end":{"line":50,"column":58}},"7":{"start":{"line":53,"column":34},"end":{"line":53,"column":51}},"8":{"start":{"line":55,"column":38},"end":{"line":55,"column":55}},"9":{"start":{"line":61,"column":43},"end":{"line":61,"column":67}},"10":{"start":{"line":67,"column":47},"end":{"line":67,"column":69}},"11":{"start":{"line":74,"column":51},"end":{"line":74,"column":69}},"12":{"start":{"line":84,"column":42},"end":{"line":84,"column":59}},"13":{"start":{"line":99,"column":42},"end":{"line":99,"column":59}},"14":{"start":{"line":100,"column":58},"end":{"line":100,"column":80}},"15":{"start":{"line":103,"column":43},"end":{"line":103,"column":60}},"16":{"start":{"line":107,"column":45},"end":{"line":107,"column":62}},"17":{"start":{"line":108,"column":38},"end":{"line":108,"column":55}},"18":{"start":{"line":118,"column":42},"end":{"line":118,"column":59}},"19":{"start":{"line":119,"column":55},"end":{"line":119,"column":77}},"20":{"start":{"line":122,"column":46},"end":{"line":122,"column":63}},"21":{"start":{"line":122,"column":81},"end":{"line":122,"column":98}},"22":{"start":{"line":123,"column":48},"end":{"line":123,"column":69}},"23":{"start":{"line":124,"column":50},"end":{"line":124,"column":76}},"24":{"start":{"line":126,"column":55},"end":{"line":126,"column":80}},"25":{"start":{"line":127,"column":44},"end":{"line":127,"column":62}}},"fnMap":{"0":{"name":"(anonymous_0)","decl":{"start":{"line":3,"column":13},"end":{"line":3,"column":31}},"loc":{"start":{"line":3,"column":13},"end":{"line":3,"column":31}}},"1":{"name":"(anonymous_2)","decl":{"start":{"line":14,"column":24},"end":{"line":14,"column":25}},"loc":{"start":{"line":14,"column":39},"end":{"line":14,"column":63}}},"2":{"name":"(anonymous_3)","decl":{"start":{"line":32,"column":19},"end":{"line":32,"column":20}},"loc":{"start":{"line":32,"column":34},"end":{"line":32,"column":51}}},"3":{"name":"(anonymous_4)","decl":{"start":{"line":37,"column":19},"end":{"line":37,"column":20}},"loc":{"start":{"line":37,"column":34},"end":{"line":37,"column":51}}},"4":{"name":"(anonymous_5)","decl":{"start":{"line":50,"column":26},"end":{"line":50,"column":27}},"loc":{"start":{"line":50,"column":41},"end":{"line":50,"column":58}}},"5":{"name":"(anonymous_6)","decl":{"start":{"line":53,"column":19},"end":{"line":53,"column":20}},"loc":{"start":{"line":53,"column":34},"end":{"line":53,"column":51}}},"6":{"name":"(anonymous_7)","decl":{"start":{"line":55,"column":23},"end":{"line":55,"column":24}},"loc":{"start":{"line":55,"column":38},"end":{"line":55,"column":55}}},"7":{"name":"(anonymous_8)","decl":{"start":{"line":61,"column":28},"end":{"line":61,"column":29}},"loc":{"start":{"line":61,"column":43},"end":{"line":61,"column":67}}},"8":{"name":"(anonymous_9)","decl":{"start":{"line":67,"column":32},"end":{"line":67,"column":33}},"loc":{"start":{"line":67,"column":47},"end":{"line":67,"column":69}}},"9":{"name":"(anonymous_10)","decl":{"start":{"line":74,"column":36},"end":{"line":74,"column":37}},"loc":{"start":{"line":74,"column":51},"end":{"line":74,"column":69}}},"10":{"name":"(anonymous_11)","decl":{"start":{"line":84,"column":27},"end":{"line":84,"column":28}},"loc":{"start":{"line":84,"column":42},"end":{"line":84,"column":59}}},"11":{"name":"(anonymous_12)","decl":{"start":{"line":99,"column":27},"end":{"line":99,"column":28}},"loc":{"start":{"line":99,"column":42},"end":{"line":99,"column":59}}},"12":{"name":"(anonymous_13)","decl":{"start":{"line":100,"column":43},"end":{"line":100,"column":44}},"loc":{"start":{"line":100,"column":58},"end":{"line":100,"column":80}}},"13":{"name":"(anonymous_14)","decl":{"start":{"line":103,"column":28},"end":{"line":103,"column":29}},"loc":{"start":{"line":103,"column":43},"end":{"line":103,"column":60}}},"14":{"name":"(anonymous_15)","decl":{"start":{"line":107,"column":30},"end":{"line":107,"column":31}},"loc":{"start":{"line":107,"column":45},"end":{"line":107,"column":62}}},"15":{"name":"(anonymous_16)","decl":{"start":{"line":108,"column":23},"end":{"line":108,"column":24}},"loc":{"start":{"line":108,"column":38},"end":{"line":108,"column":55}}},"16":{"name":"(anonymous_17)","decl":{"start":{"line":118,"column":27},"end":{"line":118,"column":28}},"loc":{"start":{"line":118,"column":42},"end":{"line":118,"column":59}}},"17":{"name":"(anonymous_18)","decl":{"start":{"line":119,"column":40},"end":{"line":119,"column":41}},"loc":{"start":{"line":119,"column":55},"end":{"line":119,"column":77}}},"18":{"name":"(anonymous_19)","decl":{"start":{"line":122,"column":31},"end":{"line":122,"column":32}},"loc":{"start":{"line":122,"column":46},"end":{"line":122,"column":63}}},"19":{"name":"(anonymous_20)","decl":{"start":{"line":122,"column":66},"end":{"line":122,"column":67}},"loc":{"start":{"line":122,"column":81},"end":{"line":122,"column":98}}},"20":{"name":"(anonymous_21)","decl":{"start":{"line":123,"column":33},"end":{"line":123,"column":34}},"loc":{"start":{"line":123,"column":48},"end":{"line":123,"column":69}}},"21":{"name":"(anonymous_22)","decl":{"start":{"line":124,"column":35},"end":{"line":124,"column":36}},"loc":{"start":{"line":124,"column":50},"end":{"line":124,"column":76}}},"22":{"name":"(anonymous_23)","decl":{"start":{"line":126,"column":40},"end":{"line":126,"column":41}},"loc":{"start":{"line":126,"column":55},"end":{"line":126,"column":80}}},"23":{"name":"(anonymous_24)","decl":{"start":{"line":127,"column":29},"end":{"line":127,"column":30}},"loc":{"start":{"line":127,"column":44},"end":{"line":127,"column":62}}}},"branchMap":{},"s":{"0":2,"1":1,"2":1,"3":2,"4":2,"5":2,"6":2,"7":2,"8":2,"9":2,"10":2,"11":2,"12":2,"13":2,"14":2,"15":2,"16":2,"17":2,"18":2,"19":2,"20":2,"21":2,"22":2,"23":2,"24":2,"25":2},"f":{"0":2,"1":2,"2":2,"3":2,"4":2,"5":2,"6":2,"7":2,"8":2,"9":2,"10":2,"11":2,"12":2,"13":2,"14":2,"15":2,"16":2,"17":2,"18":2,"19":2,"20":2,"21":2,"22":2,"23":2},"b":{}}
,"/home/andreviana/.Personal/projects/technical-test-tbb/src/pages/Home/components/Filter/Skeleton/Skeleton.tsx": {"path":"/home/andreviana/.Personal/projects/technical-test-tbb/src/pages/Home/components/Filter/Skeleton/Skeleton.tsx","statementMap":{"0":{"start":{"line":6,"column":13},"end":{"line":6,"column":43}},"1":{"start":{"line":1,"column":18},"end":{"line":1,"column":null}},"2":{"start":{"line":2,"column":21},"end":{"line":2,"column":null}},"3":{"start":{"line":4,"column":34},"end":{"line":4,"column":null}},"4":{"start":{"line":6,"column":43},"end":{"line":17,"column":null}}},"fnMap":{"0":{"name":"(anonymous_0)","decl":{"start":{"line":6,"column":13},"end":{"line":6,"column":43}},"loc":{"start":{"line":6,"column":13},"end":{"line":6,"column":43}}},"1":{"name":"(anonymous_2)","decl":{"start":{"line":6,"column":43},"end":{"line":6,"column":49}},"loc":{"start":{"line":6,"column":49},"end":{"line":17,"column":null}}}},"branchMap":{},"s":{"0":14,"1":1,"2":1,"3":1,"4":1},"f":{"0":14,"1":14},"b":{}}
,"/home/andreviana/.Personal/projects/technical-test-tbb/src/pages/Home/components/Filter/Skeleton/index.tsx": {"path":"/home/andreviana/.Personal/projects/technical-test-tbb/src/pages/Home/components/Filter/Skeleton/index.tsx","statementMap":{"0":{"start":{"line":1,"column":9},"end":{"line":1,"column":26}},"1":{"start":{"line":1,"column":34},"end":{"line":1,"column":null}}},"fnMap":{"0":{"name":"(anonymous_0)","decl":{"start":{"line":1,"column":9},"end":{"line":1,"column":26}},"loc":{"start":{"line":1,"column":9},"end":{"line":1,"column":26}}}},"branchMap":{},"s":{"0":14,"1":1},"f":{"0":14},"b":{}}
,"/home/andreviana/.Personal/projects/technical-test-tbb/src/pages/Home/components/Filter/Skeleton/styles.tsx": {"path":"/home/andreviana/.Personal/projects/technical-test-tbb/src/pages/Home/components/Filter/Skeleton/styles.tsx","statementMap":{"0":{"start":{"line":3,"column":13},"end":{"line":3,"column":33}},"1":{"start":{"line":1,"column":19},"end":{"line":1,"column":null}},"2":{"start":{"line":3,"column":33},"end":{"line":14,"column":1}},"3":{"start":{"line":6,"column":26},"end":{"line":6,"column":43}}},"fnMap":{"0":{"name":"(anonymous_0)","decl":{"start":{"line":3,"column":13},"end":{"line":3,"column":33}},"loc":{"start":{"line":3,"column":13},"end":{"line":3,"column":33}}},"1":{"name":"(anonymous_2)","decl":{"start":{"line":6,"column":11},"end":{"line":6,"column":12}},"loc":{"start":{"line":6,"column":26},"end":{"line":6,"column":43}}}},"branchMap":{},"s":{"0":14,"1":1,"2":1,"3":14},"f":{"0":14,"1":14},"b":{}}
,"/home/andreviana/.Personal/projects/technical-test-tbb/src/pages/Home/components/Products/Products.tsx": {"path":"/home/andreviana/.Personal/projects/technical-test-tbb/src/pages/Home/components/Products/Products.tsx","statementMap":{"0":{"start":{"line":10,"column":13},"end":{"line":10,"column":34}},"1":{"start":{"line":1,"column":18},"end":{"line":1,"column":null}},"2":{"start":{"line":2,"column":30},"end":{"line":2,"column":null}},"3":{"start":{"line":4,"column":34},"end":{"line":4,"column":null}},"4":{"start":{"line":5,"column":23},"end":{"line":5,"column":null}},"5":{"start":{"line":6,"column":24},"end":{"line":6,"column":null}},"6":{"start":{"line":7,"column":22},"end":{"line":7,"column":null}},"7":{"start":{"line":8,"column":34},"end":{"line":8,"column":null}},"8":{"start":{"line":10,"column":34},"end":{"line":48,"column":null}},"9":{"start":{"line":11,"column":47},"end":{"line":11,"column":null}},"10":{"start":{"line":29,"column":7},"end":{"line":29,"column":null}},"11":{"start":{"line":34,"column":5},"end":{"line":34,"column":28}},"12":{"start":{"line":40,"column":5},"end":{"line":40,"column":28}}},"fnMap":{"0":{"name":"(anonymous_0)","decl":{"start":{"line":10,"column":13},"end":{"line":10,"column":34}},"loc":{"start":{"line":10,"column":13},"end":{"line":10,"column":34}}},"1":{"name":"(anonymous_2)","decl":{"start":{"line":10,"column":34},"end":{"line":10,"column":40}},"loc":{"start":{"line":10,"column":40},"end":{"line":48,"column":null}}},"2":{"name":"(anonymous_3)","decl":{"start":{"line":28,"column":33},"end":{"line":28,"column":null}},"loc":{"start":{"line":29,"column":7},"end":{"line":29,"column":null}}},"3":{"name":"(anonymous_4)","decl":{"start":{"line":33,"column":72},"end":{"line":33,"column":null}},"loc":{"start":{"line":34,"column":5},"end":{"line":34,"column":28}}},"4":{"name":"(anonymous_5)","decl":{"start":{"line":39,"column":67},"end":{"line":39,"column":null}},"loc":{"start":{"line":40,"column":5},"end":{"line":40,"column":28}}}},"branchMap":{"0":{"loc":{"start":{"line":17,"column":6},"end":{"line":18,"column":141}},"type":"binary-expr","locations":[{"start":{"line":17,"column":6},"end":{"line":17,"column":null}},{"start":{"line":18,"column":6},"end":{"line":18,"column":141}}]},"1":{"loc":{"start":{"line":18,"column":6},"end":{"line":18,"column":141}},"type":"cond-expr","locations":[{"start":{"line":18,"column":30},"end":{"line":18,"column":60}},{"start":{"line":18,"column":63},"end":{"line":18,"column":141}}]},"2":{"loc":{"start":{"line":18,"column":66},"end":{"line":18,"column":140}},"type":"cond-expr","locations":[{"start":{"line":18,"column":88},"end":{"line":18,"column":119}},{"start":{"line":18,"column":122},"end":{"line":18,"column":140}}]},"3":{"loc":{"start":{"line":20,"column":6},"end":{"line":21,"column":133}},"type":"binary-expr","locations":[{"start":{"line":20,"column":6},"end":{"line":20,"column":null}},{"start":{"line":21,"column":6},"end":{"line":21,"column":133}}]},"4":{"loc":{"start":{"line":21,"column":6},"end":{"line":21,"column":133}},"type":"cond-expr","locations":[{"start":{"line":21,"column":28},"end":{"line":21,"column":56}},{"start":{"line":21,"column":59},"end":{"line":21,"column":133}}]},"5":{"loc":{"start":{"line":21,"column":62},"end":{"line":21,"column":132}},"type":"cond-expr","locations":[{"start":{"line":21,"column":82},"end":{"line":21,"column":111}},{"start":{"line":21,"column":114},"end":{"line":21,"column":132}}]},"6":{"loc":{"start":{"line":26,"column":5},"end":{"line":26,"column":null}},"type":"binary-expr","locations":[{"start":{"line":26,"column":5},"end":{"line":26,"column":null}}]},"7":{"loc":{"start":{"line":33,"column":5},"end":{"line":34,"column":28}},"type":"binary-expr","locations":[{"start":{"line":33,"column":5},"end":{"line":33,"column":25}},{"start":{"line":33,"column":25},"end":{"line":33,"column":36}},{"start":{"line":33,"column":36},"end":{"line":33,"column":59}},{"start":{"line":33,"column":59},"end":{"line":34,"column":28}}]},"8":{"loc":{"start":{"line":36,"column":5},"end":{"line":36,"column":25}},"type":"binary-expr","locations":[{"start":{"line":36,"column":5},"end":{"line":36,"column":25}},{"start":{"line":36,"column":25},"end":{"line":36,"column":36}},{"start":{"line":36,"column":36},"end":{"line":36,"column":null}}]},"9":{"loc":{"start":{"line":39,"column":5},"end":{"line":40,"column":28}},"type":"binary-expr","locations":[{"start":{"line":39,"column":5},"end":{"line":39,"column":25}},{"start":{"line":39,"column":25},"end":{"line":39,"column":35}},{"start":{"line":39,"column":35},"end":{"line":39,"column":56}},{"start":{"line":39,"column":56},"end":{"line":40,"column":28}}]},"10":{"loc":{"start":{"line":42,"column":5},"end":{"line":42,"column":25}},"type":"binary-expr","locations":[{"start":{"line":42,"column":5},"end":{"line":42,"column":25}},{"start":{"line":42,"column":25},"end":{"line":42,"column":35}},{"start":{"line":42,"column":35},"end":{"line":42,"column":null}}]}},"s":{"0":2,"1":1,"2":1,"3":1,"4":1,"5":1,"6":1,"7":1,"8":1,"9":2,"10":14,"11":0,"12":0},"f":{"0":2,"1":2,"2":14,"3":0,"4":0},"b":{"0":[2,2],"1":[0,2],"2":[0,2],"3":[2,0],"4":[0,0],"5":[0,0],"6":[2],"7":[2,0,0,0],"8":[2,0,0],"9":[2,0,0,0],"10":[2,0,0]}}
,"/home/andreviana/.Personal/projects/technical-test-tbb/src/pages/Home/components/Products/index.tsx": {"path":"/home/andreviana/.Personal/projects/technical-test-tbb/src/pages/Home/components/Products/index.tsx","statementMap":{"0":{"start":{"line":1,"column":9},"end":{"line":1,"column":17}},"1":{"start":{"line":1,"column":25},"end":{"line":1,"column":null}}},"fnMap":{"0":{"name":"(anonymous_0)","decl":{"start":{"line":1,"column":9},"end":{"line":1,"column":17}},"loc":{"start":{"line":1,"column":9},"end":{"line":1,"column":17}}}},"branchMap":{},"s":{"0":2,"1":1},"f":{"0":2},"b":{}}
,"/home/andreviana/.Personal/projects/technical-test-tbb/src/pages/Home/components/Products/styles.tsx": {"path":"/home/andreviana/.Personal/projects/technical-test-tbb/src/pages/Home/components/Products/styles.tsx","statementMap":{"0":{"start":{"line":3,"column":13},"end":{"line":3,"column":33}},"1":{"start":{"line":1,"column":19},"end":{"line":1,"column":null}},"2":{"start":{"line":3,"column":33},"end":{"line":24,"column":1}},"3":{"start":{"line":6,"column":36},"end":{"line":6,"column":53}},"4":{"start":{"line":10,"column":30},"end":{"line":10,"column":47}},"5":{"start":{"line":11,"column":45},"end":{"line":11,"column":62}},"6":{"start":{"line":13,"column":41},"end":{"line":13,"column":58}},"7":{"start":{"line":15,"column":52},"end":{"line":15,"column":72}},"8":{"start":{"line":16,"column":47},"end":{"line":16,"column":71}},"9":{"start":{"line":17,"column":56},"end":{"line":17,"column":73}},"10":{"start":{"line":19,"column":47},"end":{"line":19,"column":71}},"11":{"start":{"line":20,"column":56},"end":{"line":20,"column":73}}},"fnMap":{"0":{"name":"(anonymous_0)","decl":{"start":{"line":3,"column":13},"end":{"line":3,"column":33}},"loc":{"start":{"line":3,"column":13},"end":{"line":3,"column":33}}},"1":{"name":"(anonymous_2)","decl":{"start":{"line":6,"column":21},"end":{"line":6,"column":22}},"loc":{"start":{"line":6,"column":36},"end":{"line":6,"column":53}}},"2":{"name":"(anonymous_3)","decl":{"start":{"line":10,"column":15},"end":{"line":10,"column":16}},"loc":{"start":{"line":10,"column":30},"end":{"line":10,"column":47}}},"3":{"name":"(anonymous_4)","decl":{"start":{"line":11,"column":30},"end":{"line":11,"column":31}},"loc":{"start":{"line":11,"column":45},"end":{"line":11,"column":62}}},"4":{"name":"(anonymous_5)","decl":{"start":{"line":13,"column":26},"end":{"line":13,"column":27}},"loc":{"start":{"line":13,"column":41},"end":{"line":13,"column":58}}},"5":{"name":"(anonymous_6)","decl":{"start":{"line":15,"column":37},"end":{"line":15,"column":38}},"loc":{"start":{"line":15,"column":52},"end":{"line":15,"column":72}}},"6":{"name":"(anonymous_7)","decl":{"start":{"line":16,"column":32},"end":{"line":16,"column":33}},"loc":{"start":{"line":16,"column":47},"end":{"line":16,"column":71}}},"7":{"name":"(anonymous_8)","decl":{"start":{"line":17,"column":41},"end":{"line":17,"column":42}},"loc":{"start":{"line":17,"column":56},"end":{"line":17,"column":73}}},"8":{"name":"(anonymous_9)","decl":{"start":{"line":19,"column":32},"end":{"line":19,"column":33}},"loc":{"start":{"line":19,"column":47},"end":{"line":19,"column":71}}},"9":{"name":"(anonymous_10)","decl":{"start":{"line":20,"column":41},"end":{"line":20,"column":42}},"loc":{"start":{"line":20,"column":56},"end":{"line":20,"column":73}}}},"branchMap":{},"s":{"0":2,"1":1,"2":1,"3":2,"4":2,"5":2,"6":2,"7":2,"8":2,"9":2,"10":2,"11":2},"f":{"0":2,"1":2,"2":2,"3":2,"4":2,"5":2,"6":2,"7":2,"8":2,"9":2},"b":{}}
,"/home/andreviana/.Personal/projects/technical-test-tbb/src/pages/Home/components/Products/Product/Product.tsx": {"path":"/home/andreviana/.Personal/projects/technical-test-tbb/src/pages/Home/components/Products/Product/Product.tsx","statementMap":{"0":{"start":{"line":6,"column":13},"end":{"line":6,"column":47}},"1":{"start":{"line":1,"column":18},"end":{"line":1,"column":null}},"2":{"start":{"line":3,"column":33},"end":{"line":3,"column":null}},"3":{"start":{"line":6,"column":47},"end":{"line":13,"column":null}}},"fnMap":{"0":{"name":"(anonymous_0)","decl":{"start":{"line":6,"column":13},"end":{"line":6,"column":47}},"loc":{"start":{"line":6,"column":13},"end":{"line":6,"column":47}}},"1":{"name":"(anonymous_2)","decl":{"start":{"line":6,"column":47},"end":{"line":6,"column":48}},"loc":{"start":{"line":6,"column":69},"end":{"line":13,"column":null}}}},"branchMap":{},"s":{"0":0,"1":1,"2":1,"3":1},"f":{"0":0,"1":0},"b":{}}
,"/home/andreviana/.Personal/projects/technical-test-tbb/src/pages/Home/components/Products/Product/index.tsx": {"path":"/home/andreviana/.Personal/projects/technical-test-tbb/src/pages/Home/components/Products/Product/index.tsx","statementMap":{"0":{"start":{"line":1,"column":9},"end":{"line":1,"column":16}},"1":{"start":{"line":1,"column":24},"end":{"line":1,"column":null}}},"fnMap":{"0":{"name":"(anonymous_0)","decl":{"start":{"line":1,"column":9},"end":{"line":1,"column":16}},"loc":{"start":{"line":1,"column":9},"end":{"line":1,"column":16}}}},"branchMap":{},"s":{"0":0,"1":1},"f":{"0":0},"b":{}}
,"/home/andreviana/.Personal/projects/technical-test-tbb/src/pages/Home/components/Products/Product/styles.tsx": {"path":"/home/andreviana/.Personal/projects/technical-test-tbb/src/pages/Home/components/Products/Product/styles.tsx","statementMap":{"0":{"start":{"line":3,"column":13},"end":{"line":3,"column":32}},"1":{"start":{"line":1,"column":19},"end":{"line":1,"column":null}},"2":{"start":{"line":3,"column":32},"end":{"line":23,"column":1}},"3":{"start":{"line":7,"column":26},"end":{"line":7,"column":43}},"4":{"start":{"line":8,"column":33},"end":{"line":8,"column":50}},"5":{"start":{"line":16,"column":36},"end":{"line":16,"column":57}},"6":{"start":{"line":17,"column":38},"end":{"line":17,"column":64}},"7":{"start":{"line":20,"column":32},"end":{"line":20,"column":54}}},"fnMap":{"0":{"name":"(anonymous_0)","decl":{"start":{"line":3,"column":13},"end":{"line":3,"column":32}},"loc":{"start":{"line":3,"column":13},"end":{"line":3,"column":32}}},"1":{"name":"(anonymous_2)","decl":{"start":{"line":7,"column":11},"end":{"line":7,"column":12}},"loc":{"start":{"line":7,"column":26},"end":{"line":7,"column":43}}},"2":{"name":"(anonymous_3)","decl":{"start":{"line":8,"column":18},"end":{"line":8,"column":19}},"loc":{"start":{"line":8,"column":33},"end":{"line":8,"column":50}}},"3":{"name":"(anonymous_4)","decl":{"start":{"line":16,"column":21},"end":{"line":16,"column":22}},"loc":{"start":{"line":16,"column":36},"end":{"line":16,"column":57}}},"4":{"name":"(anonymous_5)","decl":{"start":{"line":17,"column":23},"end":{"line":17,"column":24}},"loc":{"start":{"line":17,"column":38},"end":{"line":17,"column":64}}},"5":{"name":"(anonymous_6)","decl":{"start":{"line":20,"column":17},"end":{"line":20,"column":18}},"loc":{"start":{"line":20,"column":32},"end":{"line":20,"column":54}}}},"branchMap":{},"s":{"0":0,"1":1,"2":1,"3":0,"4":0,"5":0,"6":0,"7":0},"f":{"0":0,"1":0,"2":0,"3":0,"4":0,"5":0},"b":{}}
,"/home/andreviana/.Personal/projects/technical-test-tbb/src/pages/Home/components/Products/Skeleton/Skeleton.tsx": {"path":"/home/andreviana/.Personal/projects/technical-test-tbb/src/pages/Home/components/Products/Skeleton/Skeleton.tsx","statementMap":{"0":{"start":{"line":6,"column":13},"end":{"line":6,"column":43}},"1":{"start":{"line":1,"column":18},"end":{"line":1,"column":null}},"2":{"start":{"line":2,"column":21},"end":{"line":2,"column":null}},"3":{"start":{"line":4,"column":34},"end":{"line":4,"column":null}},"4":{"start":{"line":6,"column":43},"end":{"line":29,"column":null}}},"fnMap":{"0":{"name":"(anonymous_0)","decl":{"start":{"line":6,"column":13},"end":{"line":6,"column":43}},"loc":{"start":{"line":6,"column":13},"end":{"line":6,"column":43}}},"1":{"name":"(anonymous_2)","decl":{"start":{"line":6,"column":43},"end":{"line":6,"column":49}},"loc":{"start":{"line":6,"column":49},"end":{"line":29,"column":null}}}},"branchMap":{},"s":{"0":14,"1":1,"2":1,"3":1,"4":1},"f":{"0":14,"1":14},"b":{}}
,"/home/andreviana/.Personal/projects/technical-test-tbb/src/pages/Home/components/Products/Skeleton/index.tsx": {"path":"/home/andreviana/.Personal/projects/technical-test-tbb/src/pages/Home/components/Products/Skeleton/index.tsx","statementMap":{"0":{"start":{"line":1,"column":9},"end":{"line":1,"column":26}},"1":{"start":{"line":1,"column":34},"end":{"line":1,"column":null}}},"fnMap":{"0":{"name":"(anonymous_0)","decl":{"start":{"line":1,"column":9},"end":{"line":1,"column":26}},"loc":{"start":{"line":1,"column":9},"end":{"line":1,"column":26}}}},"branchMap":{},"s":{"0":14,"1":1},"f":{"0":14},"b":{}}
,"/home/andreviana/.Personal/projects/technical-test-tbb/src/pages/Home/components/Products/Skeleton/styles.tsx": {"path":"/home/andreviana/.Personal/projects/technical-test-tbb/src/pages/Home/components/Products/Skeleton/styles.tsx","statementMap":{"0":{"start":{"line":3,"column":13},"end":{"line":3,"column":33}},"1":{"start":{"line":1,"column":19},"end":{"line":1,"column":null}},"2":{"start":{"line":3,"column":33},"end":{"line":44,"column":1}},"3":{"start":{"line":4,"column":33},"end":{"line":4,"column":50}},"4":{"start":{"line":7,"column":40},"end":{"line":7,"column":59}},"5":{"start":{"line":17,"column":39},"end":{"line":17,"column":64}},"6":{"start":{"line":25,"column":39},"end":{"line":25,"column":63}},"7":{"start":{"line":36,"column":39},"end":{"line":36,"column":63}}},"fnMap":{"0":{"name":"(anonymous_0)","decl":{"start":{"line":3,"column":13},"end":{"line":3,"column":33}},"loc":{"start":{"line":3,"column":13},"end":{"line":3,"column":33}}},"1":{"name":"(anonymous_2)","decl":{"start":{"line":4,"column":18},"end":{"line":4,"column":19}},"loc":{"start":{"line":4,"column":33},"end":{"line":4,"column":50}}},"2":{"name":"(anonymous_3)","decl":{"start":{"line":7,"column":25},"end":{"line":7,"column":26}},"loc":{"start":{"line":7,"column":40},"end":{"line":7,"column":59}}},"3":{"name":"(anonymous_4)","decl":{"start":{"line":17,"column":24},"end":{"line":17,"column":25}},"loc":{"start":{"line":17,"column":39},"end":{"line":17,"column":64}}},"4":{"name":"(anonymous_5)","decl":{"start":{"line":25,"column":24},"end":{"line":25,"column":25}},"loc":{"start":{"line":25,"column":39},"end":{"line":25,"column":63}}},"5":{"name":"(anonymous_6)","decl":{"start":{"line":36,"column":24},"end":{"line":36,"column":25}},"loc":{"start":{"line":36,"column":39},"end":{"line":36,"column":63}}}},"branchMap":{},"s":{"0":14,"1":1,"2":1,"3":14,"4":14,"5":14,"6":14,"7":14},"f":{"0":14,"1":14,"2":14,"3":14,"4":14,"5":14},"b":{}}
,"/home/andreviana/.Personal/projects/technical-test-tbb/src/services/api/index.ts": {"path":"/home/andreviana/.Personal/projects/technical-test-tbb/src/services/api/index.ts","statementMap":{"0":{"start":{"line":10,"column":0},"end":{"line":10,"column":15}},"1":{"start":{"line":1,"column":18},"end":{"line":1,"column":null}},"2":{"start":{"line":3,"column":12},"end":{"line":8,"column":null}},"3":{"start":{"line":10,"column":15},"end":{"line":10,"column":null}}},"fnMap":{"0":{"name":"(anonymous_0)","decl":{"start":{"line":10,"column":0},"end":{"line":10,"column":15}},"loc":{"start":{"line":10,"column":0},"end":{"line":10,"column":15}}}},"branchMap":{},"s":{"0":1,"1":1,"2":1,"3":1},"f":{"0":1},"b":{}}
,"/home/andreviana/.Personal/projects/technical-test-tbb/src/services/routes/index.tsx": {"path":"/home/andreviana/.Personal/projects/technical-test-tbb/src/services/routes/index.tsx","statementMap":{"0":{"start":{"line":1,"column":13},"end":{"line":1,"column":30}},"1":{"start":{"line":1,"column":30},"end":{"line":1,"column":null}}},"fnMap":{"0":{"name":"(anonymous_0)","decl":{"start":{"line":1,"column":13},"end":{"line":1,"column":30}},"loc":{"start":{"line":1,"column":13},"end":{"line":1,"column":30}}}},"branchMap":{},"s":{"0":2,"1":1},"f":{"0":2},"b":{}}
}
