TN:
SF:src/App.tsx
FN:5,(anonymous_0)
FN:5,(anonymous_2)
FNF:2
FNH:2
FNDA:1,(anonymous_0)
FNDA:2,(anonymous_2)
DA:1,1
DA:3,1
DA:5,1
DA:6,2
LF:4
LH:4
BRF:0
BRH:0
end_of_record
TN:
SF:src/common/hooks/useApp.tsx
FN:21,(anonymous_1)
FN:122,(anonymous_2)
FN:21,(anonymous_6)
FN:32,(anonymous_7)
FN:35,(anonymous_8)
FN:36,(anonymous_9)
FN:45,(anonymous_10)
FN:53,(anonymous_11)
FN:62,(anonymous_12)
FN:74,(anonymous_13)
FN:76,(anonymous_14)
FN:77,(anonymous_15)
FN:77,(anonymous_16)
FN:78,(anonymous_17)
FN:78,(anonymous_18)
FN:80,(anonymous_19)
FN:81,(anonymous_20)
FN:92,(anonymous_21)
FN:93,(anonymous_22)
FN:103,(anonymous_23)
FN:122,useApp
FNF:21
FNH:6
FNDA:2,(anonymous_1)
FNDA:6,(anonymous_2)
FNDA:2,(anonymous_6)
FNDA:0,(anonymous_7)
FNDA:0,(anonymous_8)
FNDA:0,(anonymous_9)
FNDA:0,(anonymous_10)
FNDA:0,(anonymous_11)
FNDA:0,(anonymous_12)
FNDA:0,(anonymous_13)
FNDA:0,(anonymous_14)
FNDA:0,(anonymous_15)
FNDA:0,(anonymous_16)
FNDA:0,(anonymous_17)
FNDA:0,(anonymous_18)
FNDA:0,(anonymous_19)
FNDA:0,(anonymous_20)
FNDA:2,(anonymous_21)
FNDA:0,(anonymous_22)
FNDA:2,(anonymous_23)
FNDA:6,useApp
DA:1,1
DA:5,1
DA:6,1
DA:19,1
DA:21,2
DA:22,2
DA:26,2
DA:27,2
DA:28,2
DA:29,2
DA:30,2
DA:32,2
DA:33,0
DA:35,0
DA:36,0
DA:38,0
DA:41,0
DA:42,0
DA:45,2
DA:46,0
DA:47,0
DA:48,0
DA:51,0
DA:53,0
DA:54,0
DA:55,0
DA:59,0
DA:62,2
DA:63,0
DA:64,0
DA:66,0
DA:67,0
DA:68,0
DA:71,0
DA:74,2
DA:75,0
DA:76,0
DA:77,0
DA:78,0
DA:80,0
DA:81,0
DA:85,0
DA:86,0
DA:88,0
DA:92,2
DA:93,2
DA:94,0
DA:96,2
DA:97,0
DA:99,2
DA:100,0
DA:103,2
DA:122,6
DA:123,6
DA:124,6
LF:55
LH:23
BRDA:36,0,0,0
BRDA:46,1,0,0
BRDA:54,2,0,0
BRDA:67,3,0,0
BRDA:76,4,0,0
BRDA:76,4,1,0
BRDA:76,5,0,0
BRDA:76,5,1,0
BRDA:85,6,0,0
BRDA:85,6,1,0
BRDA:96,7,0,0
BRDA:96,8,0,2
BRDA:96,8,1,2
BRDA:99,9,0,0
BRF:14
BRH:2
end_of_record
TN:
SF:src/common/hooks/useFetch.tsx
FN:4,(anonymous_0)
FN:7,(anonymous_3)
FNF:2
FNH:2
FNDA:4,(anonymous_0)
FNDA:1,(anonymous_3)
DA:1,1
DA:2,1
DA:4,2
DA:5,2
DA:7,2
DA:8,1
DA:9,0
DA:16,2
LF:8
LH:7
BRF:0
BRH:0
end_of_record
TN:
SF:src/common/styles/container.tsx
FN:3,(anonymous_0)
FN:6,(anonymous_2)
FN:9,(anonymous_3)
FN:10,(anonymous_4)
FN:13,(anonymous_5)
FN:15,(anonymous_6)
FN:18,(anonymous_7)
FN:20,(anonymous_8)
FN:24,(anonymous_9)
FNF:9
FNH:9
FNDA:4,(anonymous_0)
FNDA:4,(anonymous_2)
FNDA:4,(anonymous_3)
FNDA:4,(anonymous_4)
FNDA:4,(anonymous_5)
FNDA:4,(anonymous_6)
FNDA:4,(anonymous_7)
FNDA:4,(anonymous_8)
FNDA:4,(anonymous_9)
DA:1,1
DA:3,4
DA:6,4
DA:9,4
DA:10,4
DA:13,4
DA:15,4
DA:18,4
DA:20,4
DA:24,4
LF:10
LH:10
BRF:0
BRH:0
end_of_record
TN:
SF:src/common/styles/globalStyles.tsx
FN:3,(anonymous_0)
FN:10,(anonymous_1)
FN:17,(anonymous_2)
FN:25,(anonymous_3)
FN:49,(anonymous_4)
FNF:5
FNH:1
FNDA:4,(anonymous_0)
FNDA:0,(anonymous_1)
FNDA:0,(anonymous_2)
FNDA:0,(anonymous_3)
FNDA:0,(anonymous_4)
DA:1,2
DA:3,4
DA:10,0
DA:17,0
DA:25,0
DA:49,0
LF:6
LH:2
BRF:0
BRH:0
end_of_record
TN:
SF:src/common/styles/theme.tsx
FN:1,(anonymous_0)
FN:2,(anonymous_1)
FNF:2
FNH:2
FNDA:10,(anonymous_0)
FNDA:134,(anonymous_1)
DA:1,10
DA:3,134
LF:2
LH:2
BRF:0
BRH:0
end_of_record
TN:
SF:src/common/styles/pages/Home.tsx
FN:3,(anonymous_0)
FN:6,(anonymous_2)
FN:7,(anonymous_3)
FN:8,(anonymous_4)
FN:11,(anonymous_5)
FN:13,(anonymous_6)
FN:17,(anonymous_7)
FN:18,(anonymous_8)
FN:20,(anonymous_9)
FN:22,(anonymous_10)
FN:24,(anonymous_11)
FN:25,(anonymous_12)
FN:26,(anonymous_13)
FNF:13
FNH:13
FNDA:2,(anonymous_0)
FNDA:2,(anonymous_2)
FNDA:2,(anonymous_3)
FNDA:2,(anonymous_4)
FNDA:2,(anonymous_5)
FNDA:2,(anonymous_6)
FNDA:2,(anonymous_7)
FNDA:2,(anonymous_8)
FNDA:2,(anonymous_9)
FNDA:2,(anonymous_10)
FNDA:2,(anonymous_11)
FNDA:2,(anonymous_12)
FNDA:2,(anonymous_13)
DA:1,1
DA:3,2
DA:6,2
DA:7,2
DA:8,2
DA:11,2
DA:13,2
DA:17,2
DA:18,2
DA:20,2
DA:22,2
DA:24,2
DA:25,2
DA:26,2
LF:14
LH:14
BRF:0
BRH:0
end_of_record
TN:
SF:src/common/test/renderWithTest.tsx
FN:8,(anonymous_0)
FNF:1
FNH:1
FNDA:8,(anonymous_0)
DA:1,2
DA:2,2
DA:4,2
DA:6,2
DA:8,4
LF:5
LH:5
BRF:0
BRH:0
end_of_record
TN:
SF:src/components/Empty/Empty.tsx
FN:6,(anonymous_0)
FN:6,(anonymous_2)
FNF:2
FNH:0
FNDA:0,(anonymous_0)
FNDA:0,(anonymous_2)
DA:1,1
DA:3,1
DA:6,1
LF:3
LH:3
BRF:0
BRH:0
end_of_record
TN:
SF:src/components/Empty/index.tsx
FN:1,(anonymous_0)
FNF:1
FNH:0
FNDA:0,(anonymous_0)
DA:1,1
LF:1
LH:1
BRF:0
BRH:0
end_of_record
TN:
SF:src/components/Empty/styles.tsx
FN:3,(anonymous_0)
FN:11,(anonymous_2)
FN:13,(anonymous_3)
FN:15,(anonymous_4)
FNF:4
FNH:0
FNDA:0,(anonymous_0)
FNDA:0,(anonymous_2)
FNDA:0,(anonymous_3)
FNDA:0,(anonymous_4)
DA:1,1
DA:3,1
DA:11,0
DA:13,0
DA:15,0
LF:5
LH:2
BRF:0
BRH:0
end_of_record
TN:
SF:src/components/Form/index.tsx
FN:1,(anonymous_0)
FNF:1
FNH:0
FNDA:0,(anonymous_0)
DA:1,1
LF:1
LH:1
BRF:0
BRH:0
end_of_record
TN:
SF:src/components/Form/Checkbox/Checkbox.tsx
FN:6,(anonymous_0)
FN:6,(anonymous_2)
FNF:2
FNH:2
FNDA:1,(anonymous_0)
FNDA:6,(anonymous_2)
DA:1,2
DA:4,2
DA:6,2
LF:3
LH:3
BRF:0
BRH:0
end_of_record
TN:
SF:src/components/Form/Checkbox/index.tsx
FN:1,(anonymous_0)
FNF:1
FNH:0
FNDA:0,(anonymous_0)
DA:1,1
LF:1
LH:1
BRF:0
BRH:0
end_of_record
TN:
SF:src/components/Form/Checkbox/styles.tsx
FN:3,(anonymous_1)
FN:18,(anonymous_2)
FN:6,(anonymous_4)
FN:9,(anonymous_5)
FN:10,(anonymous_6)
FN:13,(anonymous_7)
FN:19,(anonymous_8)
FN:20,(anonymous_9)
FN:26,(anonymous_10)
FN:32,(anonymous_11)
FN:44,(anonymous_12)
FN:57,(anonymous_13)
FNF:12
FNH:12
FNDA:6,(anonymous_1)
FNDA:6,(anonymous_2)
FNDA:6,(anonymous_4)
FNDA:6,(anonymous_5)
FNDA:6,(anonymous_6)
FNDA:6,(anonymous_7)
FNDA:6,(anonymous_8)
FNDA:6,(anonymous_9)
FNDA:6,(anonymous_10)
FNDA:6,(anonymous_11)
FNDA:6,(anonymous_12)
FNDA:6,(anonymous_13)
DA:1,2
DA:3,6
DA:6,6
DA:9,6
DA:10,6
DA:13,6
DA:18,6
DA:19,6
DA:20,6
DA:26,6
DA:32,6
DA:44,6
DA:57,6
LF:13
LH:13
BRF:0
BRH:0
end_of_record
TN:
SF:src/components/Form/Input/Input.tsx
FN:6,(anonymous_0)
FN:6,(anonymous_4)
FN:12,(anonymous_5)
FN:12,(anonymous_6)
FNF:4
FNH:2
FNDA:2,(anonymous_0)
FNDA:2,(anonymous_4)
FNDA:0,(anonymous_5)
FNDA:0,(anonymous_6)
DA:1,1
DA:3,1
DA:6,2
DA:7,2
DA:12,0
LF:5
LH:4
BRDA:10,0,0,0
BRDA:10,0,1,2
BRDA:11,1,0,2
BRDA:11,1,1,2
BRDA:11,1,2,0
BRDA:13,2,0,2
BRDA:16,3,0,2
BRDA:16,3,1,2
BRDA:16,3,2,2
BRF:9
BRH:7
end_of_record
TN:
SF:src/components/Form/Input/index.tsx
FN:1,(anonymous_0)
FNF:1
FNH:1
FNDA:2,(anonymous_0)
DA:1,2
LF:1
LH:1
BRF:0
BRH:0
end_of_record
TN:
SF:src/components/Form/Input/styles.tsx
FN:3,(anonymous_0)
FN:7,(anonymous_2)
FN:12,(anonymous_3)
FN:13,(anonymous_4)
FN:16,(anonymous_5)
FN:25,(anonymous_6)
FN:38,(anonymous_7)
FN:44,(anonymous_8)
FNF:8
FNH:8
FNDA:2,(anonymous_0)
FNDA:2,(anonymous_2)
FNDA:2,(anonymous_3)
FNDA:2,(anonymous_4)
FNDA:2,(anonymous_5)
FNDA:2,(anonymous_6)
FNDA:2,(anonymous_7)
FNDA:2,(anonymous_8)
DA:1,1
DA:3,2
DA:7,2
DA:12,2
DA:13,2
DA:16,2
DA:25,2
DA:38,2
DA:44,2
LF:9
LH:9
BRF:0
BRH:0
end_of_record
TN:
SF:src/components/Header/Header.tsx
FN:10,(anonymous_0)
FN:10,(anonymous_2)
FN:27,(anonymous_3)
FNF:3
FNH:2
FNDA:2,(anonymous_0)
FNDA:2,(anonymous_2)
FNDA:0,(anonymous_3)
DA:1,1
DA:3,1
DA:4,1
DA:5,1
DA:6,1
DA:7,1
DA:8,1
DA:10,2
DA:11,2
DA:27,0
LF:10
LH:9
BRF:0
BRH:0
end_of_record
TN:
SF:src/components/Header/index.tsx
FN:1,(anonymous_0)
FNF:1
FNH:1
FNDA:2,(anonymous_0)
DA:1,2
LF:1
LH:1
BRF:0
BRH:0
end_of_record
TN:
SF:src/components/Header/styles.tsx
FN:3,(anonymous_1)
FN:32,(anonymous_2)
FN:5,(anonymous_4)
FN:6,(anonymous_5)
FN:9,(anonymous_6)
FN:10,(anonymous_7)
FN:11,(anonymous_8)
FN:12,(anonymous_9)
FN:15,(anonymous_10)
FN:16,(anonymous_11)
FN:20,(anonymous_12)
FN:23,(anonymous_13)
FN:25,(anonymous_14)
FN:26,(anonymous_15)
FN:35,(anonymous_16)
FNF:15
FNH:15
FNDA:2,(anonymous_1)
FNDA:2,(anonymous_2)
FNDA:2,(anonymous_4)
FNDA:2,(anonymous_5)
FNDA:2,(anonymous_6)
FNDA:2,(anonymous_7)
FNDA:2,(anonymous_8)
FNDA:2,(anonymous_9)
FNDA:2,(anonymous_10)
FNDA:2,(anonymous_11)
FNDA:2,(anonymous_12)
FNDA:2,(anonymous_13)
FNDA:2,(anonymous_14)
FNDA:2,(anonymous_15)
FNDA:2,(anonymous_16)
DA:1,1
DA:3,2
DA:5,2
DA:6,2
DA:9,2
DA:10,2
DA:11,2
DA:12,2
DA:15,2
DA:16,2
DA:20,2
DA:23,2
DA:25,2
DA:26,2
DA:32,2
DA:35,2
LF:16
LH:16
BRF:0
BRH:0
end_of_record
TN:
SF:src/components/IconButton/IconButton.tsx
FN:6,(anonymous_0)
FN:6,(anonymous_2)
FNF:2
FNH:2
FNDA:2,(anonymous_0)
FNDA:2,(anonymous_2)
DA:1,1
DA:4,1
DA:6,2
LF:3
LH:3
BRF:0
BRH:0
end_of_record
TN:
SF:src/components/IconButton/index.tsx
FN:1,(anonymous_0)
FNF:1
FNH:1
FNDA:2,(anonymous_0)
DA:1,2
LF:1
LH:1
BRF:0
BRH:0
end_of_record
TN:
SF:src/components/IconButton/styles.tsx
FN:3,(anonymous_0)
FN:13,(anonymous_2)
FNF:2
FNH:2
FNDA:2,(anonymous_0)
FNDA:2,(anonymous_2)
DA:1,1
DA:3,2
DA:13,2
LF:3
LH:3
BRF:0
BRH:0
end_of_record
TN:
SF:src/components/Icons/Close.tsx
FN:5,(anonymous_0)
FN:5,(anonymous_2)
FNF:2
FNH:2
FNDA:2,(anonymous_0)
FNDA:2,(anonymous_2)
DA:1,1
DA:5,2
LF:2
LH:2
BRF:0
BRH:0
end_of_record
TN:
SF:src/components/Icons/Filter.tsx
FN:5,(anonymous_0)
FN:5,(anonymous_2)
FNF:2
FNH:2
FNDA:2,(anonymous_0)
FNDA:2,(anonymous_2)
DA:1,1
DA:5,2
LF:2
LH:2
BRF:0
BRH:0
end_of_record
TN:
SF:src/components/Icons/Search.tsx
FN:5,(anonymous_0)
FN:5,(anonymous_2)
FNF:2
FNH:2
FNDA:2,(anonymous_0)
FNDA:2,(anonymous_2)
DA:1,1
DA:5,2
LF:2
LH:2
BRF:0
BRH:0
end_of_record
TN:
SF:src/components/Icons/index.tsx
FN:1,(anonymous_1)
FN:2,(anonymous_2)
FN:3,(anonymous_3)
FNF:3
FNH:3
FNDA:2,(anonymous_1)
FNDA:2,(anonymous_2)
FNDA:2,(anonymous_3)
DA:1,2
DA:2,2
DA:3,2
LF:3
LH:3
BRF:0
BRH:0
end_of_record
TN:
SF:src/layout/Home/index.tsx
FN:6,(anonymous_0)
FN:6,(anonymous_2)
FNF:2
FNH:2
FNDA:2,(anonymous_0)
FNDA:2,(anonymous_2)
DA:1,1
DA:3,1
DA:4,1
DA:6,2
LF:4
LH:4
BRF:0
BRH:0
end_of_record
TN:
SF:src/pages/Home/index.tsx
FN:9,(anonymous_0)
FN:9,(anonymous_2)
FNF:2
FNH:2
FNDA:2,(anonymous_0)
FNDA:2,(anonymous_2)
DA:1,1
DA:3,1
DA:4,1
DA:5,1
DA:6,1
DA:7,1
DA:9,2
LF:7
LH:7
BRF:0
BRH:0
end_of_record
TN:
SF:src/pages/Home/components/Filter/Filter.tsx
FN:12,(anonymous_0)
FN:12,(anonymous_4)
FN:16,(anonymous_5)
FN:26,(anonymous_6)
FN:33,(anonymous_7)
FN:41,(anonymous_8)
FN:50,(anonymous_9)
FN:55,(anonymous_10)
FN:57,(anonymous_11)
FN:64,(anonymous_12)
FNF:10
FNH:4
FNDA:2,(anonymous_0)
FNDA:2,(anonymous_4)
FNDA:2,(anonymous_5)
FNDA:0,(anonymous_6)
FNDA:0,(anonymous_7)
FNDA:0,(anonymous_8)
FNDA:14,(anonymous_9)
FNDA:0,(anonymous_10)
FNDA:0,(anonymous_11)
FNDA:0,(anonymous_12)
DA:1,1
DA:2,1
DA:4,1
DA:5,1
DA:6,1
DA:7,1
DA:8,1
DA:9,1
DA:10,1
DA:12,2
DA:13,2
DA:14,2
DA:16,2
DA:17,2
DA:18,0
DA:26,0
DA:34,0
DA:35,0
DA:41,0
DA:51,14
DA:56,0
DA:58,0
DA:64,0
LF:23
LH:15
BRDA:17,0,0,0
BRDA:33,1,0,0
BRDA:33,1,1,2
BRDA:34,2,0,0
BRDA:47,3,0,2
BRDA:47,3,1,0
BRDA:48,4,0,2
BRDA:55,5,0,2
BRDA:55,5,1,0
BRF:9
BRH:4
end_of_record
TN:
SF:src/pages/Home/components/Filter/index.tsx
FN:1,(anonymous_0)
FNF:1
FNH:1
FNDA:2,(anonymous_0)
DA:1,2
LF:1
LH:1
BRF:0
BRH:0
end_of_record
TN:
SF:src/pages/Home/components/Filter/styles.tsx
FN:3,(anonymous_0)
FN:14,(anonymous_2)
FN:32,(anonymous_3)
FN:37,(anonymous_4)
FN:50,(anonymous_5)
FN:53,(anonymous_6)
FN:55,(anonymous_7)
FN:61,(anonymous_8)
FN:67,(anonymous_9)
FN:74,(anonymous_10)
FN:84,(anonymous_11)
FN:99,(anonymous_12)
FN:100,(anonymous_13)
FN:103,(anonymous_14)
FN:107,(anonymous_15)
FN:108,(anonymous_16)
FN:118,(anonymous_17)
FN:119,(anonymous_18)
FN:122,(anonymous_19)
FN:122,(anonymous_20)
FN:123,(anonymous_21)
FN:124,(anonymous_22)
FN:126,(anonymous_23)
FN:127,(anonymous_24)
FNF:24
FNH:24
FNDA:2,(anonymous_0)
FNDA:2,(anonymous_2)
FNDA:2,(anonymous_3)
FNDA:2,(anonymous_4)
FNDA:2,(anonymous_5)
FNDA:2,(anonymous_6)
FNDA:2,(anonymous_7)
FNDA:2,(anonymous_8)
FNDA:2,(anonymous_9)
FNDA:2,(anonymous_10)
FNDA:2,(anonymous_11)
FNDA:2,(anonymous_12)
FNDA:2,(anonymous_13)
FNDA:2,(anonymous_14)
FNDA:2,(anonymous_15)
FNDA:2,(anonymous_16)
FNDA:2,(anonymous_17)
FNDA:2,(anonymous_18)
FNDA:2,(anonymous_19)
FNDA:2,(anonymous_20)
FNDA:2,(anonymous_21)
FNDA:2,(anonymous_22)
FNDA:2,(anonymous_23)
FNDA:2,(anonymous_24)
DA:1,1
DA:3,2
DA:14,2
DA:32,2
DA:37,2
DA:50,2
DA:53,2
DA:55,2
DA:61,2
DA:67,2
DA:74,2
DA:84,2
DA:99,2
DA:100,2
DA:103,2
DA:107,2
DA:108,2
DA:118,2
DA:119,2
DA:122,2
DA:123,2
DA:124,2
DA:126,2
DA:127,2
LF:24
LH:24
BRF:0
BRH:0
end_of_record
TN:
SF:src/pages/Home/components/Filter/Skeleton/Skeleton.tsx
FN:6,(anonymous_0)
FN:6,(anonymous_2)
FNF:2
FNH:2
FNDA:14,(anonymous_0)
FNDA:14,(anonymous_2)
DA:1,1
DA:2,1
DA:4,1
DA:6,14
LF:4
LH:4
BRF:0
BRH:0
end_of_record
TN:
SF:src/pages/Home/components/Filter/Skeleton/index.tsx
FN:1,(anonymous_0)
FNF:1
FNH:1
FNDA:14,(anonymous_0)
DA:1,14
LF:1
LH:1
BRF:0
BRH:0
end_of_record
TN:
SF:src/pages/Home/components/Filter/Skeleton/styles.tsx
FN:3,(anonymous_0)
FN:6,(anonymous_2)
FNF:2
FNH:2
FNDA:14,(anonymous_0)
FNDA:14,(anonymous_2)
DA:1,1
DA:3,14
DA:6,14
LF:3
LH:3
BRF:0
BRH:0
end_of_record
TN:
SF:src/pages/Home/components/Products/Products.tsx
FN:10,(anonymous_0)
FN:10,(anonymous_2)
FN:28,(anonymous_3)
FN:33,(anonymous_4)
FN:39,(anonymous_5)
FNF:5
FNH:3
FNDA:2,(anonymous_0)
FNDA:2,(anonymous_2)
FNDA:14,(anonymous_3)
FNDA:0,(anonymous_4)
FNDA:0,(anonymous_5)
DA:1,1
DA:2,1
DA:4,1
DA:5,1
DA:6,1
DA:7,1
DA:8,1
DA:10,2
DA:11,2
DA:29,14
DA:34,0
DA:40,0
LF:12
LH:10
BRDA:17,0,0,2
BRDA:17,0,1,2
BRDA:18,1,0,0
BRDA:18,1,1,2
BRDA:18,2,0,0
BRDA:18,2,1,2
BRDA:20,3,0,2
BRDA:20,3,1,0
BRDA:21,4,0,0
BRDA:21,4,1,0
BRDA:21,5,0,0
BRDA:21,5,1,0
BRDA:26,6,0,2
BRDA:33,7,0,2
BRDA:33,7,1,0
BRDA:33,7,2,0
BRDA:33,7,3,0
BRDA:36,8,0,2
BRDA:36,8,1,0
BRDA:36,8,2,0
BRDA:39,9,0,2
BRDA:39,9,1,0
BRDA:39,9,2,0
BRDA:39,9,3,0
BRDA:42,10,0,2
BRDA:42,10,1,0
BRDA:42,10,2,0
BRF:27
BRH:10
end_of_record
TN:
SF:src/pages/Home/components/Products/index.tsx
FN:1,(anonymous_0)
FNF:1
FNH:1
FNDA:2,(anonymous_0)
DA:1,2
LF:1
LH:1
BRF:0
BRH:0
end_of_record
TN:
SF:src/pages/Home/components/Products/styles.tsx
FN:3,(anonymous_0)
FN:6,(anonymous_2)
FN:10,(anonymous_3)
FN:11,(anonymous_4)
FN:13,(anonymous_5)
FN:15,(anonymous_6)
FN:16,(anonymous_7)
FN:17,(anonymous_8)
FN:19,(anonymous_9)
FN:20,(anonymous_10)
FNF:10
FNH:10
FNDA:2,(anonymous_0)
FNDA:2,(anonymous_2)
FNDA:2,(anonymous_3)
FNDA:2,(anonymous_4)
FNDA:2,(anonymous_5)
FNDA:2,(anonymous_6)
FNDA:2,(anonymous_7)
FNDA:2,(anonymous_8)
FNDA:2,(anonymous_9)
FNDA:2,(anonymous_10)
DA:1,1
DA:3,2
DA:6,2
DA:10,2
DA:11,2
DA:13,2
DA:15,2
DA:16,2
DA:17,2
DA:19,2
DA:20,2
LF:11
LH:11
BRF:0
BRH:0
end_of_record
TN:
SF:src/pages/Home/components/Products/Product/Product.tsx
FN:6,(anonymous_0)
FN:6,(anonymous_2)
FNF:2
FNH:0
FNDA:0,(anonymous_0)
FNDA:0,(anonymous_2)
DA:1,1
DA:3,1
DA:6,1
LF:3
LH:3
BRF:0
BRH:0
end_of_record
TN:
SF:src/pages/Home/components/Products/Product/index.tsx
FN:1,(anonymous_0)
FNF:1
FNH:0
FNDA:0,(anonymous_0)
DA:1,1
LF:1
LH:1
BRF:0
BRH:0
end_of_record
TN:
SF:src/pages/Home/components/Products/Product/styles.tsx
FN:3,(anonymous_0)
FN:7,(anonymous_2)
FN:8,(anonymous_3)
FN:16,(anonymous_4)
FN:17,(anonymous_5)
FN:20,(anonymous_6)
FNF:6
FNH:0
FNDA:0,(anonymous_0)
FNDA:0,(anonymous_2)
FNDA:0,(anonymous_3)
FNDA:0,(anonymous_4)
FNDA:0,(anonymous_5)
FNDA:0,(anonymous_6)
DA:1,1
DA:3,1
DA:7,0
DA:8,0
DA:16,0
DA:17,0
DA:20,0
LF:7
LH:2
BRF:0
BRH:0
end_of_record
TN:
SF:src/pages/Home/components/Products/Skeleton/Skeleton.tsx
FN:6,(anonymous_0)
FN:6,(anonymous_2)
FNF:2
FNH:2
FNDA:14,(anonymous_0)
FNDA:14,(anonymous_2)
DA:1,1
DA:2,1
DA:4,1
DA:6,14
LF:4
LH:4
BRF:0
BRH:0
end_of_record
TN:
SF:src/pages/Home/components/Products/Skeleton/index.tsx
FN:1,(anonymous_0)
FNF:1
FNH:1
FNDA:14,(anonymous_0)
DA:1,14
LF:1
LH:1
BRF:0
BRH:0
end_of_record
TN:
SF:src/pages/Home/components/Products/Skeleton/styles.tsx
FN:3,(anonymous_0)
FN:4,(anonymous_2)
FN:7,(anonymous_3)
FN:17,(anonymous_4)
FN:25,(anonymous_5)
FN:36,(anonymous_6)
FNF:6
FNH:6
FNDA:14,(anonymous_0)
FNDA:14,(anonymous_2)
FNDA:14,(anonymous_3)
FNDA:14,(anonymous_4)
FNDA:14,(anonymous_5)
FNDA:14,(anonymous_6)
DA:1,1
DA:3,14
DA:4,14
DA:7,14
DA:17,14
DA:25,14
DA:36,14
LF:7
LH:7
BRF:0
BRH:0
end_of_record
TN:
SF:src/services/api/index.ts
FN:10,(anonymous_0)
FNF:1
FNH:1
FNDA:1,(anonymous_0)
DA:1,1
DA:3,1
DA:10,1
LF:3
LH:3
BRF:0
BRH:0
end_of_record
TN:
SF:src/services/routes/index.tsx
FN:1,(anonymous_0)
FNF:1
FNH:1
FNDA:2,(anonymous_0)
DA:1,2
LF:1
LH:1
BRF:0
BRH:0
end_of_record
